============================= test session starts ==============================
platform linux -- Python 3.12.11, pytest-9.0.2, pluggy-1.6.0 -- /usr/local/bin/python3.12
cachedir: .pytest_cache
rootdir: /workspaces/qrdx-chain-denaro
configfile: pyproject.toml
plugins: asyncio-1.3.0, anyio-4.12.0
asyncio: mode=Mode.AUTO, debug=False, asyncio_default_fixture_loop_scope=None, asyncio_default_test_loop_scope=function
collecting ... collected 1669 items / 1 deselected / 1668 selected

tests/test_block_explorer_api.py::test_endpoint ERROR                    [  0%]
tests/test_consensus_pos.py::TestConsensusVersion::test_pos_version_value PASSED [  0%]
tests/test_consensus_pos.py::TestConsensusVersion::test_pos_is_only_version PASSED [  0%]
tests/test_consensus_pos.py::TestConsensusSchedule::test_pos_active_from_genesis PASSED [  0%]
tests/test_consensus_pos.py::TestConsensusSchedule::test_pos_active_at_high_block PASSED [  0%]
tests/test_consensus_pos.py::TestConsensusSchedule::test_activation_height_is_zero PASSED [  0%]
tests/test_consensus_pos.py::TestConsensusSchedule::test_is_hard_fork PASSED [  0%]
tests/test_consensus_pos.py::TestConsensusSchedule::test_all_activations_list PASSED [  0%]
tests/test_consensus_pos.py::TestConsensusEngine::test_get_rules_returns_pos PASSED [  0%]
tests/test_consensus_pos.py::TestConsensusEngine::test_rules_are_cached PASSED [  0%]
tests/test_consensus_pos.py::TestConsensusEngine::test_pos_active_check PASSED [  0%]
tests/test_consensus_pos.py::TestConsensusEngine::test_global_engine PASSED [  0%]
tests/test_consensus_pos.py::TestConsensusEngine::test_global_schedule PASSED [  0%]
tests/test_consensus_pos.py::TestConsensusV2PoS::test_version_is_pos PASSED [  0%]
tests/test_consensus_pos.py::TestConsensusV2PoS::test_merkle_tree_empty PASSED [  0%]
tests/test_consensus_pos.py::TestConsensusV2PoS::test_merkle_tree_single_hash PASSED [  0%]
tests/test_consensus_pos.py::TestConsensusV2PoS::test_merkle_tree_two_leaves PASSED [  1%]
tests/test_consensus_pos.py::TestConsensusV2PoS::test_merkle_tree_deterministic PASSED [  1%]
tests/test_consensus_pos.py::TestConsensusV2PoS::test_merkle_tree_order_independent PASSED [  1%]
tests/test_consensus_pos.py::TestConsensusV2PoS::test_difficulty_returns_fixed PASSED [  1%]
tests/test_consensus_pos.py::TestConsensusV2PoS::test_coinbase_rejected PASSED [  1%]
tests/test_consensus_pos.py::TestConsensusV2PoS::test_proposer_selection_deterministic PASSED [  1%]
tests/test_consensus_pos.py::TestConsensusV2PoS::test_proposer_different_slots_different_proposers PASSED [  1%]
tests/test_consensus_pos.py::TestConsensusV2PoS::test_finality_check_supermajority PASSED [  1%]
tests/test_consensus_pos.py::TestConsensusV2PoS::test_finality_check_below_threshold PASSED [  1%]
tests/test_consensus_pos.py::TestConsensusV2PoS::test_slot_epoch_conversion PASSED [  1%]
tests/test_consensus_pos.py::TestConsensusV2PoS::test_timestamp_to_slot PASSED [  1%]
tests/test_consensus_pos.py::TestConsensusV2PoS::test_slot_to_timestamp PASSED [  1%]
tests/test_consensus_pos.py::TestConsensusUtilities::test_get_pos_rules_is_v2 PASSED [  1%]
tests/test_consensus_pos.py::TestConsensusUtilities::test_is_pos_active_always PASSED [  1%]
tests/test_consensus_pos.py::TestConsensusUtilities::test_get_consensus_info PASSED [  1%]
tests/test_consensus_pos.py::TestConsensusUtilities::test_calculate_block_reward_positive PASSED [  1%]
tests/test_consensus_pos.py::TestConsensusUtilities::test_calculate_block_reward_zero_stake PASSED [  1%]
tests/test_consensus_pos.py::TestValidatorStatus::test_all_statuses_exist PASSED [  2%]
tests/test_consensus_pos.py::TestValidatorStatus::test_status_count PASSED [  2%]
tests/test_consensus_pos.py::TestValidator::test_active_validator PASSED [  2%]
tests/test_consensus_pos.py::TestValidator::test_pending_cannot_propose PASSED [  2%]
tests/test_consensus_pos.py::TestValidator::test_slashed_cannot_propose PASSED [  2%]
tests/test_consensus_pos.py::TestValidator::test_public_key_hex PASSED   [  2%]
tests/test_consensus_pos.py::TestValidator::test_serialization_roundtrip PASSED [  2%]
tests/test_consensus_pos.py::TestValidator::test_serialization_keys PASSED [  2%]
tests/test_consensus_pos.py::TestValidatorSet::test_total_stake_auto_calculated PASSED [  2%]
tests/test_consensus_pos.py::TestValidatorSet::test_get_by_address PASSED [  2%]
tests/test_consensus_pos.py::TestValidatorSet::test_get_by_address_not_found PASSED [  2%]
tests/test_consensus_pos.py::TestValidatorSet::test_get_by_index PASSED  [  2%]
tests/test_consensus_pos.py::TestValidatorSet::test_size PASSED          [  2%]
tests/test_consensus_pos.py::TestEpochAndSlotInfo::test_epoch_slot_count PASSED [  2%]
tests/test_consensus_pos.py::TestEpochAndSlotInfo::test_slot_info PASSED [  2%]
tests/test_consensus_pos.py::TestValidatorExceptions::test_not_pq_wallet_error PASSED [  2%]
tests/test_consensus_pos.py::TestValidatorExceptions::test_insufficient_stake_error PASSED [  2%]
tests/test_consensus_pos.py::TestValidatorExceptions::test_already_proposed_error PASSED [  3%]
tests/test_consensus_pos.py::TestValidatorExceptions::test_already_attested_error PASSED [  3%]
tests/test_consensus_pos.py::TestValidatorExceptions::test_exception_hierarchy PASSED [  3%]
tests/test_consensus_pos.py::TestValidatorSelector::test_select_proposer_deterministic PASSED [  3%]
tests/test_consensus_pos.py::TestValidatorSelector::test_select_proposer_different_slots PASSED [  3%]
tests/test_consensus_pos.py::TestValidatorSelector::test_select_proposer_no_validators PASSED [  3%]
tests/test_consensus_pos.py::TestValidatorSelector::test_select_proposer_only_eligible PASSED [  3%]
tests/test_consensus_pos.py::TestValidatorSelector::test_select_proposer_stake_weighted PASSED [  3%]
tests/test_consensus_pos.py::TestValidatorSelector::test_select_committee PASSED [  3%]
tests/test_consensus_pos.py::TestValidatorSelector::test_select_committee_limited_by_eligible PASSED [  3%]
tests/test_consensus_pos.py::TestValidatorSelector::test_select_committee_deterministic PASSED [  3%]
tests/test_consensus_pos.py::TestValidatorSelector::test_shuffle_preserves_elements PASSED [  3%]
tests/test_consensus_pos.py::TestValidatorSelector::test_shuffle_deterministic PASSED [  3%]
tests/test_consensus_pos.py::TestValidatorSelector::test_randao_update PASSED [  3%]
tests/test_consensus_pos.py::TestValidatorSelector::test_randao_update_xor_property PASSED [  3%]
tests/test_consensus_pos.py::TestValidatorSelector::test_proposer_duties_full_epoch PASSED [  3%]
tests/test_consensus_pos.py::TestValidatorSelector::test_committee_duties_full_epoch PASSED [  4%]
tests/test_consensus_pos.py::TestValidatorSelector::test_compute_proposer_index PASSED [  4%]
tests/test_consensus_pos.py::TestValidatorSelector::test_is_proposer PASSED [  4%]
tests/test_consensus_pos.py::TestValidatorSelector::test_is_in_committee PASSED [  4%]
tests/test_consensus_pos.py::TestInitialRANDAO::test_deterministic PASSED [  4%]
tests/test_consensus_pos.py::TestInitialRANDAO::test_different_time_different_result PASSED [  4%]
tests/test_consensus_pos.py::TestInitialRANDAO::test_length_32 PASSED    [  4%]
tests/test_consensus_pos.py::TestAttestation::test_signing_root_deterministic PASSED [  4%]
tests/test_consensus_pos.py::TestAttestation::test_signing_root_differs_for_different_slots PASSED [  4%]
tests/test_consensus_pos.py::TestAttestation::test_serialization_roundtrip PASSED [  4%]
tests/test_consensus_pos.py::TestAttestationPool::test_add_attestation PASSED [  4%]
tests/test_consensus_pos.py::TestAttestationPool::test_duplicate_rejected PASSED [  4%]
tests/test_consensus_pos.py::TestAttestationPool::test_double_vote_detected PASSED [  4%]
tests/test_consensus_pos.py::TestAttestationPool::test_get_attestations_for_block PASSED [  4%]
tests/test_consensus_pos.py::TestAttestationPool::test_get_attestations_for_slot PASSED [  4%]
tests/test_consensus_pos.py::TestAttestationPool::test_attestation_count PASSED [  4%]
tests/test_consensus_pos.py::TestAttestationPool::test_supermajority PASSED [  4%]
tests/test_consensus_pos.py::TestAttestationPool::test_no_supermajority PASSED [  5%]
tests/test_consensus_pos.py::TestAttestationPool::test_select_for_inclusion PASSED [  5%]
tests/test_consensus_pos.py::TestAttestationPool::test_prune_old_attestations PASSED [  5%]
tests/test_consensus_pos.py::TestAttestationPool::test_statistics PASSED [  5%]
tests/test_consensus_pos.py::TestAttestationAggregator::test_aggregate_preserves_all PASSED [  5%]
tests/test_consensus_pos.py::TestSlashingConditions::test_all_conditions PASSED [  5%]
tests/test_consensus_pos.py::TestSlashingConditions::test_double_sign_penalty_50pct PASSED [  5%]
tests/test_consensus_pos.py::TestSlashingConditions::test_bridge_fraud_penalty_100pct PASSED [  5%]
tests/test_consensus_pos.py::TestSlashingConditions::test_all_conditions_have_penalties PASSED [  5%]
tests/test_consensus_pos.py::TestSurroundVoteEvidence::test_vote1_surrounds_vote2 PASSED [  5%]
tests/test_consensus_pos.py::TestSurroundVoteEvidence::test_vote2_surrounds_vote1 PASSED [  5%]
tests/test_consensus_pos.py::TestSurroundVoteEvidence::test_no_surround PASSED [  5%]
tests/test_consensus_pos.py::TestSurroundVoteEvidence::test_identical_votes_no_surround PASSED [  5%]
tests/test_consensus_pos.py::TestSlashingEvidence::test_serialization_roundtrip PASSED [  5%]
tests/test_consensus_pos.py::TestSlashingEvidence::test_double_sign_evidence_to_dict PASSED [  5%]
tests/test_consensus_pos.py::TestSlashingExecutor::test_double_sign_detected PASSED [  5%]
tests/test_consensus_pos.py::TestSlashingExecutor::test_same_block_no_double_sign PASSED [  5%]
tests/test_consensus_pos.py::TestSlashingExecutor::test_surround_vote_detected PASSED [  6%]
tests/test_consensus_pos.py::TestSlashingExecutor::test_no_surround_different_validator PASSED [  6%]
tests/test_consensus_pos.py::TestSlashingExecutor::test_downtime_detected PASSED [  6%]
tests/test_consensus_pos.py::TestSlashingExecutor::test_downtime_ok PASSED [  6%]
tests/test_consensus_pos.py::TestSlashingExecutor::test_downtime_zero_expected PASSED [  6%]
tests/test_consensus_pos.py::TestSlashingExecutor::test_submit_duplicate_evidence_rejected PASSED [  6%]
tests/test_consensus_pos.py::TestSlashingExecutor::test_get_pending_evidence PASSED [  6%]
tests/test_consensus_pos.py::TestSlashingExecutor::test_prune_old_data PASSED [  6%]
tests/test_consensus_pos.py::TestSlashingProtectionDB::test_block_signing_protection PASSED [  6%]
tests/test_consensus_pos.py::TestSlashingProtectionDB::test_attestation_signing_protection PASSED [  6%]
tests/test_consensus_pos.py::TestSlashingProtectionDB::test_surround_vote_both_directions PASSED [  6%]
tests/test_consensus_pos.py::TestBlockNodeAndCheckpoint::test_block_node_hashable PASSED [  6%]
tests/test_consensus_pos.py::TestBlockNodeAndCheckpoint::test_checkpoint_equality PASSED [  6%]
tests/test_consensus_pos.py::TestBlockNodeAndCheckpoint::test_checkpoint_inequality PASSED [  6%]
tests/test_consensus_pos.py::TestBlockNodeAndCheckpoint::test_latest_message PASSED [  6%]
tests/test_consensus_pos.py::TestForkChoiceStore::test_genesis_is_head PASSED [  6%]
tests/test_consensus_pos.py::TestForkChoiceStore::test_single_chain PASSED [  7%]
tests/test_consensus_pos.py::TestForkChoiceStore::test_fork_heaviest_wins PASSED [  7%]
tests/test_consensus_pos.py::TestForkChoiceStore::test_attestation_accepted PASSED [  7%]
tests/test_consensus_pos.py::TestForkChoiceStore::test_attestation_unknown_block_rejected PASSED [  7%]
tests/test_consensus_pos.py::TestForkChoiceStore::test_block_before_finalized_rejected PASSED [  7%]
tests/test_consensus_pos.py::TestForkChoiceStore::test_equivocating_validator_excluded PASSED [  7%]
tests/test_consensus_pos.py::TestForkChoiceStore::test_finalized_blocks_marked PASSED [  7%]
tests/test_consensus_pos.py::TestForkChoiceStore::test_update_balances PASSED [  7%]
tests/test_consensus_pos.py::TestForkChoice::test_genesis_head PASSED    [  7%]
tests/test_consensus_pos.py::TestForkChoice::test_add_block_and_head PASSED [  7%]
tests/test_consensus_pos.py::TestForkChoice::test_finalized_checkpoint_starts_at_genesis PASSED [  7%]
tests/test_consensus_pos.py::TestForkChoice::test_justified_checkpoint_starts_at_genesis PASSED [  7%]
tests/test_consensus_pos.py::TestForkChoice::test_status PASSED          [  7%]
tests/test_consensus_pos.py::TestForkChoice::test_add_attestation PASSED [  7%]
tests/test_consensus_pos.py::TestRewardsCalculator::test_base_reward_positive PASSED [  7%]
tests/test_consensus_pos.py::TestRewardsCalculator::test_base_reward_zero_total PASSED [  7%]
tests/test_consensus_pos.py::TestRewardsCalculator::test_base_reward_scales_with_balance PASSED [  7%]
tests/test_consensus_pos.py::TestRewardsCalculator::test_proposer_reward PASSED [  8%]
tests/test_consensus_pos.py::TestRewardsCalculator::test_attestation_rewards_all_correct PASSED [  8%]
tests/test_consensus_pos.py::TestRewardsCalculator::test_attestation_rewards_none_correct PASSED [  8%]
tests/test_consensus_pos.py::TestRewardsCalculator::test_attestation_penalties_all_missed PASSED [  8%]
tests/test_consensus_pos.py::TestRewardsCalculator::test_attestation_penalties_all_correct_zero PASSED [  8%]
tests/test_consensus_pos.py::TestRewardsCalculator::test_sync_committee_reward_participation PASSED [  8%]
tests/test_consensus_pos.py::TestRewardsCalculator::test_sync_committee_reward_no_participation PASSED [  8%]
tests/test_consensus_pos.py::TestRewardsCalculator::test_inactivity_penalty_low_delay PASSED [  8%]
tests/test_consensus_pos.py::TestRewardsCalculator::test_inactivity_penalty_high_delay PASSED [  8%]
tests/test_consensus_pos.py::TestRewardsCalculator::test_slashing_penalty_increases_with_correlation PASSED [  8%]
tests/test_consensus_pos.py::TestRewardsCalculator::test_reward_summary_net PASSED [  8%]
tests/test_consensus_pos.py::TestRewardsCalculator::test_epoch_reward_report PASSED [  8%]
tests/test_consensus_pos.py::TestInflationSchedule::test_initial_rate PASSED [  8%]
tests/test_consensus_pos.py::TestInflationSchedule::test_rate_decays PASSED [  8%]
tests/test_consensus_pos.py::TestInflationSchedule::test_minimum_rate PASSED [  8%]
tests/test_consensus_pos.py::TestInflationSchedule::test_epoch_inflation_positive PASSED [  8%]
tests/test_consensus_pos.py::TestInflationSchedule::test_projected_supply_increases PASSED [  8%]
tests/test_consensus_pos.py::TestRewardWeights::test_weights_sum_less_than_denominator PASSED [  9%]
tests/test_consensus_pos.py::TestRewardWeights::test_target_weight_highest PASSED [  9%]
tests/test_consensus_pos.py::TestSyncCommitteeManager::test_period_from_epoch PASSED [  9%]
tests/test_consensus_pos.py::TestSyncCommitteeManager::test_period_from_slot PASSED [  9%]
tests/test_consensus_pos.py::TestSyncCommitteeManager::test_compute_committee PASSED [  9%]
tests/test_consensus_pos.py::TestSyncCommitteeManager::test_committee_cached PASSED [  9%]
tests/test_consensus_pos.py::TestSyncCommitteeManager::test_is_in_committee PASSED [  9%]
tests/test_consensus_pos.py::TestSyncCommitteeManager::test_record_and_aggregate PASSED [  9%]
tests/test_consensus_pos.py::TestSyncCommitteeManager::test_aggregate_no_signatures PASSED [  9%]
tests/test_consensus_pos.py::TestSyncCommitteeManager::test_cleanup_old_signatures PASSED [  9%]
tests/test_consensus_pos.py::TestSyncAggregate::test_participation_count PASSED [  9%]
tests/test_consensus_pos.py::TestSyncAggregate::test_participation_rate PASSED [  9%]
tests/test_consensus_pos.py::TestLightClientUpdate::test_create_update PASSED [  9%]
tests/test_consensus_pos.py::TestSyncCommitteeContribution::test_subcommittee_index PASSED [  9%]
tests/test_consensus_pos.py::TestPoWRemoval::test_no_consensus_v1_class PASSED [  9%]
tests/test_consensus_pos.py::TestPoWRemoval::test_no_v1_in_rules_map PASSED [  9%]
tests/test_consensus_pos.py::TestPoWRemoval::test_pos_is_only_production_version PASSED [ 10%]
tests/test_consensus_pos.py::TestPoWRemoval::test_no_difficulty_adjustment_logic PASSED [ 10%]
tests/test_consensus_pos.py::TestPoWRemoval::test_no_mining_imports_in_pos PASSED [ 10%]
tests/test_consensus_pos.py::TestLifecycleState::test_all_states PASSED  [ 10%]
tests/test_consensus_pos.py::TestLifecycleState::test_state_count PASSED [ 10%]
tests/test_consensus_pos.py::TestValidatorActivationQueue::test_add_and_length PASSED [ 10%]
tests/test_consensus_pos.py::TestValidatorActivationQueue::test_sorted_insertion PASSED [ 10%]
tests/test_consensus_pos.py::TestValidatorActivationQueue::test_churn_limit PASSED [ 10%]
tests/test_consensus_pos.py::TestValidatorActivationQueue::test_activate_removes_from_queue PASSED [ 10%]
tests/test_consensus_pos.py::TestValidatorActivationQueue::test_estimated_wait_time PASSED [ 10%]
tests/test_consensus_pos.py::TestValidatorExitQueue::test_request_exit PASSED [ 10%]
tests/test_consensus_pos.py::TestValidatorExitQueue::test_process_exits PASSED [ 10%]
tests/test_consensus_pos.py::TestLifecycleManager::test_submit_deposit PASSED [ 10%]
tests/test_consensus_pos.py::TestLifecycleManager::test_deposit_below_minimum PASSED [ 10%]
tests/test_consensus_pos.py::TestLifecycleManager::test_deposit_duplicate_rejected PASSED [ 10%]
tests/test_consensus_pos.py::TestLifecycleManager::test_deposit_inclusion_and_activation PASSED [ 10%]
tests/test_consensus_pos.py::TestLifecycleManager::test_voluntary_exit PASSED [ 10%]
tests/test_consensus_pos.py::TestLifecycleManager::test_force_exit PASSED [ 11%]
tests/test_consensus_pos.py::TestLifecycleManager::test_withdrawal_processing PASSED [ 11%]
tests/test_consensus_pos.py::TestLifecycleManager::test_queue_stats PASSED [ 11%]
tests/test_consensus_pos.py::TestLifecycleManager::test_max_validators_limit PASSED [ 11%]
tests/test_consensus_pos.py::TestGossipTopics::test_all_topics_exist PASSED [ 11%]
tests/test_consensus_pos.py::TestGossipTopics::test_topic_count PASSED   [ 11%]
tests/test_consensus_pos.py::TestGossipTopics::test_topic_name_includes_fork_digest PASSED [ 11%]
tests/test_consensus_pos.py::TestGossipTopics::test_gossip_message_auto_id PASSED [ 11%]
tests/test_consensus_pos.py::TestGossipTopics::test_gossip_message_unique_ids PASSED [ 11%]
tests/test_consensus_pos.py::TestConsensusIntegration::test_selection_plus_fork_choice PASSED [ 11%]
tests/test_consensus_pos.py::TestConsensusIntegration::test_attestation_pool_feeds_fork_choice PASSED [ 11%]
tests/test_consensus_pos.py::TestConsensusIntegration::test_lifecycle_to_selection PASSED [ 11%]
tests/test_consensus_pos.py::TestConsensusIntegration::test_rewards_with_real_constants PASSED [ 11%]
tests/test_contract_integration.py::test_contract_integration PASSED     [ 11%]
tests/test_cross_chain_shielding.py::TestChainIds::test_chain_id_values PASSED [ 11%]
tests/test_cross_chain_shielding.py::TestChainIds::test_chain_names_lookup PASSED [ 11%]
tests/test_cross_chain_shielding.py::TestChainIds::test_chain_id_is_int PASSED [ 11%]
tests/test_cross_chain_shielding.py::TestBlockHeightRecord::test_create_record PASSED [ 12%]
tests/test_cross_chain_shielding.py::TestBlockHeightRecord::test_attested_record PASSED [ 12%]
tests/test_cross_chain_shielding.py::TestBlockHeightRecord::test_negative_height_rejected PASSED [ 12%]
tests/test_cross_chain_shielding.py::TestBlockHeightRecord::test_serialization_roundtrip PASSED [ 12%]
tests/test_cross_chain_shielding.py::TestBridgeRecord::test_create_shield_record PASSED [ 12%]
tests/test_cross_chain_shielding.py::TestBridgeRecord::test_record_id_deterministic PASSED [ 12%]
tests/test_cross_chain_shielding.py::TestBridgeRecord::test_zero_amount_rejected PASSED [ 12%]
tests/test_cross_chain_shielding.py::TestBridgeRecord::test_negative_amount_rejected PASSED [ 12%]
tests/test_cross_chain_shielding.py::TestBridgeRecord::test_add_confirmation PASSED [ 12%]
tests/test_cross_chain_shielding.py::TestBridgeRecord::test_serialization_roundtrip PASSED [ 12%]
tests/test_cross_chain_shielding.py::TestBridgeRecord::test_unshield_record PASSED [ 12%]
tests/test_cross_chain_shielding.py::TestValidatorProof::test_threshold_met PASSED [ 12%]
tests/test_cross_chain_shielding.py::TestValidatorProof::test_threshold_not_met PASSED [ 12%]
tests/test_cross_chain_shielding.py::TestValidatorProof::test_mismatched_signatures_signers PASSED [ 12%]
tests/test_cross_chain_shielding.py::TestValidatorProof::test_zero_threshold_rejected PASSED [ 12%]
tests/test_cross_chain_shielding.py::TestValidatorProof::test_serialization_roundtrip PASSED [ 12%]
tests/test_cross_chain_shielding.py::TestOracleAttestation::test_create_attestation PASSED [ 13%]
tests/test_cross_chain_shielding.py::TestOracleAttestation::test_attestation_hash_deterministic PASSED [ 13%]
tests/test_cross_chain_shielding.py::TestOracleAttestation::test_attestation_hash_changes_with_input PASSED [ 13%]
tests/test_cross_chain_shielding.py::TestOracleAttestation::test_serialization_roundtrip PASSED [ 13%]
tests/test_cross_chain_shielding.py::TestExecutionCondition::test_immediate_always_met PASSED [ 13%]
tests/test_cross_chain_shielding.py::TestExecutionCondition::test_after_block_height_met PASSED [ 13%]
tests/test_cross_chain_shielding.py::TestExecutionCondition::test_after_block_height_not_met PASSED [ 13%]
tests/test_cross_chain_shielding.py::TestExecutionCondition::test_after_block_height_no_data PASSED [ 13%]
tests/test_cross_chain_shielding.py::TestExecutionCondition::test_serialization_roundtrip PASSED [ 13%]
tests/test_cross_chain_shielding.py::TestOracleTransaction::test_create_oracle_tx PASSED [ 13%]
tests/test_cross_chain_shielding.py::TestOracleTransaction::test_hash_deterministic PASSED [ 13%]
tests/test_cross_chain_shielding.py::TestOracleTransaction::test_conditions_met_no_conditions PASSED [ 13%]
tests/test_cross_chain_shielding.py::TestOracleTransaction::test_conditions_met_with_immediate PASSED [ 13%]
tests/test_cross_chain_shielding.py::TestOracleTransaction::test_conditions_not_met PASSED [ 13%]
tests/test_cross_chain_shielding.py::TestOracleTransaction::test_expiry PASSED [ 13%]
tests/test_cross_chain_shielding.py::TestOracleTransaction::test_no_expiry PASSED [ 13%]
tests/test_cross_chain_shielding.py::TestOracleTransaction::test_serialization_roundtrip PASSED [ 13%]
tests/test_cross_chain_shielding.py::TestBridgeTokenConfig::test_default_eth_config PASSED [ 14%]
tests/test_cross_chain_shielding.py::TestBridgeTokenConfig::test_default_btc_config PASSED [ 14%]
tests/test_cross_chain_shielding.py::TestBridgeTokenConfig::test_serialization_roundtrip PASSED [ 14%]
tests/test_cross_chain_shielding.py::TestEthereumAdapter::test_adapter_properties PASSED [ 14%]
tests/test_cross_chain_shielding.py::TestEthereumAdapter::test_connect_without_url PASSED [ 14%]
tests/test_cross_chain_shielding.py::TestEthereumAdapter::test_connect_with_url PASSED [ 14%]
tests/test_cross_chain_shielding.py::TestEthereumAdapter::test_disconnect PASSED [ 14%]
tests/test_cross_chain_shielding.py::TestEthereumAdapter::test_get_latest_block PASSED [ 14%]
tests/test_cross_chain_shielding.py::TestEthereumAdapter::test_get_block_by_height PASSED [ 14%]
tests/test_cross_chain_shielding.py::TestEthereumAdapter::test_get_transaction PASSED [ 14%]
tests/test_cross_chain_shielding.py::TestEthereumAdapter::test_verify_valid_proof PASSED [ 14%]
tests/test_cross_chain_shielding.py::TestEthereumAdapter::test_verify_wrong_chain_proof PASSED [ 14%]
tests/test_cross_chain_shielding.py::TestEthereumAdapter::test_verify_empty_proof PASSED [ 14%]
tests/test_cross_chain_shielding.py::TestEthereumAdapter::test_generate_attestation_not_connected PASSED [ 14%]
tests/test_cross_chain_shielding.py::TestEthereumAdapter::test_generate_attestation PASSED [ 14%]
tests/test_cross_chain_shielding.py::TestEthereumAdapter::test_detect_lock_events_empty PASSED [ 14%]
tests/test_cross_chain_shielding.py::TestBitcoinAdapter::test_adapter_properties PASSED [ 14%]
tests/test_cross_chain_shielding.py::TestBitcoinAdapter::test_get_latest_block PASSED [ 15%]
tests/test_cross_chain_shielding.py::TestBitcoinAdapter::test_verify_valid_proof PASSED [ 15%]
tests/test_cross_chain_shielding.py::TestBitcoinAdapter::test_verify_wrong_chain PASSED [ 15%]
tests/test_cross_chain_shielding.py::TestSolanaAdapter::test_adapter_properties PASSED [ 15%]
tests/test_cross_chain_shielding.py::TestSolanaAdapter::test_get_latest_block PASSED [ 15%]
tests/test_cross_chain_shielding.py::TestSolanaAdapter::test_verify_valid_proof PASSED [ 15%]
tests/test_cross_chain_shielding.py::TestInclusionProof::test_create_proof PASSED [ 15%]
tests/test_cross_chain_shielding.py::TestInclusionProof::test_proof_serialization PASSED [ 15%]
tests/test_cross_chain_shielding.py::TestOracleConsensus::test_consensus_threshold PASSED [ 15%]
tests/test_cross_chain_shielding.py::TestOracleConsensus::test_consensus_threshold_small PASSED [ 15%]
tests/test_cross_chain_shielding.py::TestOracleConsensus::test_consensus_threshold_single PASSED [ 15%]
tests/test_cross_chain_shielding.py::TestOracleConsensus::test_invalid_validator_count PASSED [ 15%]
tests/test_cross_chain_shielding.py::TestOracleConsensus::test_submit_attestations_reach_consensus PASSED [ 15%]
tests/test_cross_chain_shielding.py::TestOracleConsensus::test_duplicate_validator_rejected PASSED [ 15%]
tests/test_cross_chain_shielding.py::TestOracleConsensus::test_split_votes_no_consensus PASSED [ 15%]
tests/test_cross_chain_shielding.py::TestOracleConsensus::test_finalized_height PASSED [ 15%]
tests/test_cross_chain_shielding.py::TestOracleConsensus::test_reset_epoch PASSED [ 16%]
tests/test_cross_chain_shielding.py::TestBlockHeightTracker::test_update_height PASSED [ 16%]
tests/test_cross_chain_shielding.py::TestBlockHeightTracker::test_monotonic_increase PASSED [ 16%]
tests/test_cross_chain_shielding.py::TestBlockHeightTracker::test_multiple_chains PASSED [ 16%]
tests/test_cross_chain_shielding.py::TestBlockHeightTracker::test_is_tracking PASSED [ 16%]
tests/test_cross_chain_shielding.py::TestBlockHeightTracker::test_history PASSED [ 16%]
tests/test_cross_chain_shielding.py::TestBlockHeightTracker::test_serialization PASSED [ 16%]
tests/test_cross_chain_shielding.py::TestDoomsdayProtocol::test_initial_state PASSED [ 16%]
tests/test_cross_chain_shielding.py::TestDoomsdayProtocol::test_canary_address PASSED [ 16%]
tests/test_cross_chain_shielding.py::TestDoomsdayProtocol::test_trigger_doomsday PASSED [ 16%]
tests/test_cross_chain_shielding.py::TestDoomsdayProtocol::test_trigger_without_proof_rejected PASSED [ 16%]
tests/test_cross_chain_shielding.py::TestDoomsdayProtocol::test_double_trigger_rejected PASSED [ 16%]
tests/test_cross_chain_shielding.py::TestDoomsdayProtocol::test_check_canary_safe PASSED [ 16%]
tests/test_cross_chain_shielding.py::TestDoomsdayProtocol::test_check_canary_drained PASSED [ 16%]
tests/test_cross_chain_shielding.py::TestDoomsdayProtocol::test_status_dict PASSED [ 16%]
tests/test_cross_chain_shielding.py::TestDoomsdayProtocol::test_post_doomsday_behavior PASSED [ 16%]
tests/test_cross_chain_shielding.py::TestBridgeMinter::test_mint_tokens PASSED [ 16%]
tests/test_cross_chain_shielding.py::TestBridgeMinter::test_mint_unknown_token PASSED [ 17%]
tests/test_cross_chain_shielding.py::TestBridgeMinter::test_mint_zero_rejected PASSED [ 17%]
tests/test_cross_chain_shielding.py::TestBridgeMinter::test_burn_tokens PASSED [ 17%]
tests/test_cross_chain_shielding.py::TestBridgeMinter::test_burn_more_than_outstanding PASSED [ 17%]
tests/test_cross_chain_shielding.py::TestBridgeMinter::test_register_custom_token PASSED [ 17%]
tests/test_cross_chain_shielding.py::TestBridgeMinter::test_stats PASSED [ 17%]
tests/test_cross_chain_shielding.py::TestShieldFlow::test_initiate_shield PASSED [ 17%]
tests/test_cross_chain_shielding.py::TestShieldFlow::test_shield_below_minimum_rejected PASSED [ 17%]
tests/test_cross_chain_shielding.py::TestShieldFlow::test_shield_unknown_token_rejected PASSED [ 17%]
tests/test_cross_chain_shielding.py::TestShieldFlow::test_shield_blocked_during_doomsday PASSED [ 17%]
tests/test_cross_chain_shielding.py::TestShieldFlow::test_full_shield_lifecycle PASSED [ 17%]
tests/test_cross_chain_shielding.py::TestShieldFlow::test_cannot_execute_unattested PASSED [ 17%]
tests/test_cross_chain_shielding.py::TestUnshieldFlow::test_initiate_unshield PASSED [ 17%]
tests/test_cross_chain_shielding.py::TestUnshieldFlow::test_unshield_more_than_outstanding PASSED [ 17%]
tests/test_cross_chain_shielding.py::TestUnshieldFlow::test_unshield_allowed_during_doomsday PASSED [ 17%]
tests/test_cross_chain_shielding.py::TestUnshieldFlow::test_high_value_fraud_window PASSED [ 17%]
tests/test_cross_chain_shielding.py::TestUnshieldFlow::test_fraud_proof_submission PASSED [ 17%]
tests/test_cross_chain_shielding.py::TestUnshieldFlow::test_full_unshield_lifecycle PASSED [ 18%]
tests/test_cross_chain_shielding.py::TestShieldingQueries::test_get_records_by_address PASSED [ 18%]
tests/test_cross_chain_shielding.py::TestShieldingQueries::test_get_pending_records PASSED [ 18%]
tests/test_cross_chain_shielding.py::TestShieldingQueries::test_stats PASSED [ 18%]
tests/test_cross_chain_shielding.py::TestGetChainStatePrecompile::test_empty_input_returns_zeros PASSED [ 18%]
tests/test_cross_chain_shielding.py::TestGetChainStatePrecompile::test_unknown_chain_returns_zeros PASSED [ 18%]
tests/test_cross_chain_shielding.py::TestGetChainStatePrecompile::test_known_chain_returns_state PASSED [ 18%]
tests/test_cross_chain_shielding.py::TestVerifyExternalProofPrecompile::test_short_input_invalid PASSED [ 18%]
tests/test_cross_chain_shielding.py::TestVerifyExternalProofPrecompile::test_unknown_chain_invalid PASSED [ 18%]
tests/test_cross_chain_shielding.py::TestVerifyExternalProofPrecompile::test_all_zero_proof_invalid PASSED [ 18%]
tests/test_cross_chain_shielding.py::TestVerifyExternalProofPrecompile::test_valid_proof_accepted PASSED [ 18%]
tests/test_cross_chain_shielding.py::TestVerifyExternalProofPrecompile::test_bitcoin_proof_accepted PASSED [ 18%]
tests/test_cross_chain_shielding.py::TestVerifyExternalProofPrecompile::test_solana_proof_accepted PASSED [ 18%]
tests/test_cross_chain_shielding.py::TestSubmitCrossChainTxPrecompile::test_empty_input_returns_zeros PASSED [ 18%]
tests/test_cross_chain_shielding.py::TestSubmitCrossChainTxPrecompile::test_qrdx_self_reference_rejected PASSED [ 18%]
tests/test_cross_chain_shielding.py::TestSubmitCrossChainTxPrecompile::test_unknown_chain_rejected PASSED [ 18%]
tests/test_cross_chain_shielding.py::TestSubmitCrossChainTxPrecompile::test_valid_submission_returns_hash PASSED [ 19%]
tests/test_cross_chain_shielding.py::TestSubmitCrossChainTxPrecompile::test_bitcoin_submission PASSED [ 19%]
tests/test_cross_chain_shielding.py::TestSubmitCrossChainTxPrecompile::test_gas_consumed PASSED [ 19%]
tests/test_cross_chain_shielding.py::TestPrecompileRegistry::test_total_precompile_count PASSED [ 19%]
tests/test_cross_chain_shielding.py::TestPrecompileRegistry::test_oracle_precompiles_registered PASSED [ 19%]
tests/test_cross_chain_shielding.py::TestPrecompileRegistry::test_original_precompiles_still_registered PASSED [ 19%]
tests/test_cross_chain_shielding.py::TestBridgeConstants::test_slashing_bridge_fraud PASSED [ 19%]
tests/test_cross_chain_shielding.py::TestBridgeConstants::test_spending_scope_bridge PASSED [ 19%]
tests/test_cross_chain_shielding.py::TestBridgeConstants::test_chain_ids PASSED [ 19%]
tests/test_cross_chain_shielding.py::TestBridgeConstants::test_confirmation_counts PASSED [ 19%]
tests/test_cross_chain_shielding.py::TestBridgeConstants::test_bridge_fee PASSED [ 19%]
tests/test_cross_chain_shielding.py::TestBridgeConstants::test_doomsday_constants PASSED [ 19%]
tests/test_cross_chain_shielding.py::TestBridgeConstants::test_fraud_proof_window PASSED [ 19%]
tests/test_cross_chain_shielding.py::TestBridgeConstants::test_oracle_precompile_addresses PASSED [ 19%]
tests/test_cross_chain_shielding.py::TestBridgeConstants::test_oracle_gas_costs PASSED [ 19%]
tests/test_cross_chain_shielding.py::TestEndToEndBridge::test_eth_adapter_to_oracle_consensus PASSED [ 19%]
tests/test_cross_chain_shielding.py::TestEndToEndBridge::test_oracle_to_height_tracker PASSED [ 19%]
tests/test_cross_chain_shielding.py::TestEndToEndBridge::test_full_shield_with_oracle PASSED [ 20%]
tests/test_cross_chain_shielding.py::TestEndToEndBridge::test_full_unshield_with_fraud_window_bypass PASSED [ 20%]
tests/test_cross_chain_shielding.py::TestEndToEndBridge::test_multi_chain_tracking PASSED [ 20%]
tests/test_cross_chain_shielding.py::TestPackageImports::test_import_from_package PASSED [ 20%]
tests/test_cross_chain_shielding.py::TestPackageImports::test_all_exports PASSED [ 20%]
tests/test_crypto.py::TestDilithiumImport::test_module_imports PASSED    [ 20%]
tests/test_crypto.py::TestDilithiumImport::test_liboqs_required PASSED   [ 20%]
tests/test_crypto.py::TestDilithiumImport::test_no_fallback_flag PASSED  [ 20%]
tests/test_crypto.py::TestDilithiumImport::test_working_algorithm PASSED [ 20%]
tests/test_crypto.py::TestDilithiumImport::test_is_available_always_true PASSED [ 20%]
tests/test_crypto.py::TestDilithiumImport::test_get_liboqs_error_none PASSED [ 20%]
tests/test_crypto.py::TestDilithiumKeygen::test_generate_keypair PASSED  [ 20%]
tests/test_crypto.py::TestDilithiumKeygen::test_public_key_size PASSED   [ 20%]
tests/test_crypto.py::TestDilithiumKeygen::test_private_key_size PASSED  [ 20%]
tests/test_crypto.py::TestDilithiumKeygen::test_keypairs_are_unique PASSED [ 20%]
tests/test_crypto.py::TestDilithiumKeygen::test_public_key_not_all_zeros PASSED [ 20%]
tests/test_crypto.py::TestDilithiumKeygen::test_public_key_not_repeated_pattern PASSED [ 20%]
tests/test_crypto.py::TestDilithiumKeygen::test_reject_wrong_size_public_key PASSED [ 21%]
tests/test_crypto.py::TestDilithiumKeygen::test_reject_non_bytes_public_key PASSED [ 21%]
tests/test_crypto.py::TestDilithiumKeygen::test_no_from_seed_method PASSED [ 21%]
tests/test_crypto.py::TestDilithiumSignVerify::test_sign_returns_signature PASSED [ 21%]
tests/test_crypto.py::TestDilithiumSignVerify::test_verify_valid_signature PASSED [ 21%]
tests/test_crypto.py::TestDilithiumSignVerify::test_verify_wrong_message_fails PASSED [ 21%]
tests/test_crypto.py::TestDilithiumSignVerify::test_verify_wrong_key_fails PASSED [ 21%]
tests/test_crypto.py::TestDilithiumSignVerify::test_verify_garbage_signature_fails PASSED [ 21%]
tests/test_crypto.py::TestDilithiumSignVerify::test_verify_empty_message PASSED [ 21%]
tests/test_crypto.py::TestDilithiumSignVerify::test_verify_large_message PASSED [ 21%]
tests/test_crypto.py::TestDilithiumSignVerify::test_sign_requires_bytes PASSED [ 21%]
tests/test_crypto.py::TestDilithiumSignVerify::test_verify_rejects_non_pubkey PASSED [ 21%]
tests/test_crypto.py::TestDilithiumSignVerify::test_verify_rejects_non_signature PASSED [ 21%]
tests/test_crypto.py::TestDilithiumSignVerify::test_signature_not_deterministic PASSED [ 21%]
tests/test_crypto.py::TestDilithiumSerialization::test_public_key_hex_roundtrip PASSED [ 21%]
tests/test_crypto.py::TestDilithiumSerialization::test_public_key_hex_with_0x_prefix PASSED [ 21%]
tests/test_crypto.py::TestDilithiumSerialization::test_signature_hex_roundtrip PASSED [ 22%]
tests/test_crypto.py::TestDilithiumSerialization::test_private_key_hex_roundtrip PASSED [ 22%]
tests/test_crypto.py::TestDilithiumSerialization::test_empty_signature_rejected PASSED [ 22%]
tests/test_crypto.py::TestDilithiumAlgorithmInfo::test_algorithm_info_structure PASSED [ 22%]
tests/test_crypto.py::TestKyberImport::test_module_imports PASSED        [ 22%]
tests/test_crypto.py::TestKyberImport::test_working_algorithm PASSED     [ 22%]
tests/test_crypto.py::TestKyberImport::test_kem_is_available PASSED      [ 22%]
tests/test_crypto.py::TestKyberKeygen::test_generate_keypair PASSED      [ 22%]
tests/test_crypto.py::TestKyberKeygen::test_public_key_size PASSED       [ 22%]
tests/test_crypto.py::TestKyberKeygen::test_private_key_size PASSED      [ 22%]
tests/test_crypto.py::TestKyberKeygen::test_keypairs_are_unique PASSED   [ 22%]
tests/test_crypto.py::TestKyberKeygen::test_reject_wrong_size_public_key PASSED [ 22%]
tests/test_crypto.py::TestKyberEncapDecap::test_encapsulate_produces_ciphertext_and_secret PASSED [ 22%]
tests/test_crypto.py::TestKyberEncapDecap::test_decapsulate_recovers_same_secret PASSED [ 22%]
tests/test_crypto.py::TestKyberEncapDecap::test_wrong_key_decapsulation_fails PASSED [ 22%]
tests/test_crypto.py::TestKyberEncapDecap::test_different_encapsulations_produce_different_secrets PASSED [ 22%]
tests/test_crypto.py::TestKyberEncapDecap::test_encapsulate_requires_kem_public_key PASSED [ 22%]
tests/test_crypto.py::TestKyberEncapDecap::test_decapsulate_requires_bytes PASSED [ 23%]
tests/test_crypto.py::TestKyberAlgorithmInfo::test_algorithm_info PASSED [ 23%]
tests/test_crypto.py::TestPQAddressDerivation::test_pq_address_format PASSED [ 23%]
tests/test_crypto.py::TestPQAddressDerivation::test_pq_address_length PASSED [ 23%]
tests/test_crypto.py::TestPQAddressDerivation::test_same_key_same_address PASSED [ 23%]
tests/test_crypto.py::TestPQAddressDerivation::test_different_keys_different_addresses PASSED [ 23%]
tests/test_crypto.py::TestPQAddressDerivation::test_address_via_private_key PASSED [ 23%]
tests/test_crypto.py::TestPQAddressDerivation::test_address_type_detection PASSED [ 23%]
tests/test_crypto.py::TestClassicalKeys::test_generate_keypair PASSED    [ 23%]
tests/test_crypto.py::TestClassicalKeys::test_private_key_is_32_bytes PASSED [ 23%]
tests/test_crypto.py::TestClassicalKeys::test_keypairs_are_unique PASSED [ 23%]
tests/test_crypto.py::TestClassicalKeys::test_address_format PASSED      [ 23%]
tests/test_crypto.py::TestClassicalSigning::test_sign_and_verify_message PASSED [ 23%]
tests/test_crypto.py::TestClassicalSigning::test_sign_wrong_message_fails PASSED [ 23%]
tests/test_crypto.py::TestAddressModule::test_is_valid_pq_address PASSED [ 23%]
tests/test_crypto.py::TestAddressModule::test_is_pq_vs_traditional PASSED [ 23%]
tests/test_crypto.py::TestAddressModule::test_get_address_type PASSED    [ 23%]
tests/test_crypto.py::TestAddressModule::test_invalid_address_rejected PASSED [ 24%]
tests/test_crypto.py::TestHashing::test_keccak256 PASSED                 [ 24%]
tests/test_crypto.py::TestHashing::test_keccak256_deterministic PASSED   [ 24%]
tests/test_crypto.py::TestHashing::test_keccak256_different_inputs PASSED [ 24%]
tests/test_crypto.py::TestHashing::test_sha256 PASSED                    [ 24%]
tests/test_crypto.py::TestHashing::test_keccak256_hex PASSED             [ 24%]
tests/test_crypto.py::TestEncoding::test_rlp_encode_bytes PASSED         [ 24%]
tests/test_crypto.py::TestEncoding::test_rlp_roundtrip PASSED            [ 24%]
tests/test_crypto.py::TestLazyLoading::test_pq_private_key_lazy PASSED   [ 24%]
tests/test_crypto.py::TestLazyLoading::test_pq_verify_lazy PASSED        [ 24%]
tests/test_crypto.py::TestLazyLoading::test_kem_lazy PASSED              [ 24%]
tests/test_crypto.py::TestLazyLoading::test_nonexistent_attribute_raises PASSED [ 24%]
tests/test_crypto.py::TestSecurityRegressions::test_no_verify_bypass PASSED [ 24%]
tests/test_crypto.py::TestSecurityRegressions::test_no_fake_keys PASSED  [ 24%]
tests/test_crypto.py::TestSecurityRegressions::test_no_fake_signatures PASSED [ 24%]
tests/test_crypto.py::TestSecurityRegressions::test_cross_key_verification_fails PASSED [ 24%]
tests/test_crypto.py::TestSecurityRegressions::test_tampered_message_fails PASSED [ 25%]
tests/test_dht_discovery.py::TestKBucket::test_bucket_initially_empty PASSED [ 25%]
tests/test_dht_discovery.py::TestKBucket::test_add_entry PASSED          [ 25%]
tests/test_dht_discovery.py::TestKBucket::test_update_existing_moves_to_tail PASSED [ 25%]
tests/test_dht_discovery.py::TestKBucket::test_bucket_full_returns_eviction_candidate PASSED [ 25%]
tests/test_dht_discovery.py::TestKBucket::test_evict_and_replace PASSED  [ 25%]
tests/test_dht_discovery.py::TestKBucket::test_remove_entry PASSED       [ 25%]
tests/test_dht_discovery.py::TestKBucket::test_needs_refresh PASSED      [ 25%]
tests/test_dht_discovery.py::TestRoutingTable::test_create_routing_table PASSED [ 25%]
tests/test_dht_discovery.py::TestRoutingTable::test_invalid_node_id_length PASSED [ 25%]
tests/test_dht_discovery.py::TestRoutingTable::test_add_node PASSED      [ 25%]
tests/test_dht_discovery.py::TestRoutingTable::test_cannot_add_self PASSED [ 25%]
tests/test_dht_discovery.py::TestRoutingTable::test_remove_node PASSED   [ 25%]
tests/test_dht_discovery.py::TestRoutingTable::test_find_closest_returns_sorted PASSED [ 25%]
tests/test_dht_discovery.py::TestRoutingTable::test_find_closest_excludes PASSED [ 25%]
tests/test_dht_discovery.py::TestRoutingTable::test_get_all_nodes PASSED [ 25%]
tests/test_dht_discovery.py::TestRoutingTable::test_bucket_index_same_node_is_zero PASSED [ 25%]
tests/test_dht_discovery.py::TestRoutingTable::test_bucket_index_varies PASSED [ 26%]
tests/test_dht_discovery.py::TestRoutingTable::test_generate_refresh_target PASSED [ 26%]
tests/test_dht_discovery.py::TestRoutingTable::test_persistence_save_load PASSED [ 26%]
tests/test_dht_discovery.py::TestRoutingTable::test_persistence_corrupt_file PASSED [ 26%]
tests/test_dht_discovery.py::TestRoutingTable::test_stats PASSED         [ 26%]
tests/test_dht_discovery.py::TestEclipseResistance::test_ip_diversity_limit PASSED [ 26%]
tests/test_dht_discovery.py::TestEclipseResistance::test_inbound_limit PASSED [ 26%]
tests/test_dht_discovery.py::TestEclipseResistance::test_outbound_not_limited PASSED [ 26%]
tests/test_dht_discovery.py::TestEclipseResistance::test_sybil_resistant_id PASSED [ 26%]
tests/test_dht_discovery.py::TestEclipseResistance::test_rate_limiting PASSED [ 26%]
tests/test_dht_discovery.py::TestEclipseResistance::test_replacement_cache PASSED [ 26%]
tests/test_dht_discovery.py::TestKademliaProtocol::test_handle_ping PASSED [ 26%]
tests/test_dht_discovery.py::TestKademliaProtocol::test_handle_find_node PASSED [ 26%]
tests/test_dht_discovery.py::TestKademliaProtocol::test_handle_store_and_find_value PASSED [ 26%]
tests/test_dht_discovery.py::TestKademliaProtocol::test_find_value_not_found_returns_nodes PASSED [ 26%]
tests/test_dht_discovery.py::TestKademliaProtocol::test_store_rejects_oversized_value PASSED [ 26%]
tests/test_dht_discovery.py::TestKademliaProtocol::test_sender_added_to_routing_table PASSED [ 26%]
tests/test_dht_discovery.py::TestKademliaProtocol::test_dht_message_serialization PASSED [ 27%]
tests/test_dht_discovery.py::TestKademliaDiscovery::test_ping_unreachable PASSED [ 27%]
tests/test_dht_discovery.py::TestKademliaDiscovery::test_find_node_unreachable PASSED [ 27%]
tests/test_dht_discovery.py::TestKademliaDiscovery::test_iterative_find_node_no_peers PASSED [ 27%]
tests/test_dht_discovery.py::TestKademliaDiscovery::test_iterative_find_node_local_only PASSED [ 27%]
tests/test_dht_discovery.py::TestKademliaDiscovery::test_bootstrap_no_seeds PASSED [ 27%]
tests/test_dht_discovery.py::TestKademliaDiscovery::test_bootstrap_unreachable_seeds PASSED [ 27%]
tests/test_dht_discovery.py::TestKademliaDiscovery::test_handle_incoming_valid PASSED [ 27%]
tests/test_dht_discovery.py::TestKademliaDiscovery::test_handle_incoming_invalid PASSED [ 27%]
tests/test_dht_discovery.py::TestKademliaDiscovery::test_discovery_stats PASSED [ 27%]
tests/test_dht_discovery.py::TestKademliaDiscovery::test_start_stop PASSED [ 27%]
tests/test_dht_discovery.py::TestSelfSustaining::test_routing_table_survives_restart PASSED [ 27%]
tests/test_dht_discovery.py::TestSelfSustaining::test_routing_table_no_bootstrap_dependency PASSED [ 27%]
tests/test_dht_discovery.py::TestSelfSustaining::test_routing_table_regenerates_refresh_targets PASSED [ 27%]
tests/test_dht_discovery.py::TestDNSSeedDiscovery::test_create_dns_discovery PASSED [ 27%]
tests/test_dht_discovery.py::TestDNSSeedDiscovery::test_custom_seed_domains PASSED [ 27%]
tests/test_dht_discovery.py::TestDNSSeedDiscovery::test_add_seed_domain PASSED [ 27%]
tests/test_dht_discovery.py::TestDNSSeedDiscovery::test_add_trusted_operator PASSED [ 28%]
tests/test_dht_discovery.py::TestDNSSeedDiscovery::test_parse_unsigned_txt_record PASSED [ 28%]
tests/test_dht_discovery.py::TestDNSSeedDiscovery::test_parse_unsigned_rejected_in_strict_mode PASSED [ 28%]
tests/test_dht_discovery.py::TestDNSSeedDiscovery::test_parse_signed_txt_record PASSED [ 28%]
tests/test_dht_discovery.py::TestDNSSeedDiscovery::test_forged_signature_rejected PASSED [ 28%]
tests/test_dht_discovery.py::TestDNSSeedDiscovery::test_wrong_operator_pubkey_rejected PASSED [ 28%]
tests/test_dht_discovery.py::TestDNSSeedDiscovery::test_discover_caches_results PASSED [ 28%]
tests/test_dht_discovery.py::TestDNSSeedDiscovery::test_discover_with_fallback PASSED [ 28%]
tests/test_dht_discovery.py::TestDNSSeedDiscovery::test_dns_seed_stats PASSED [ 28%]
tests/test_dht_discovery.py::TestDNSSeedDiscovery::test_seed_operator_active PASSED [ 28%]
tests/test_dht_discovery.py::TestBootstrapDecentralization::test_bootstrap_uses_qrdx_org PASSED [ 28%]
tests/test_dht_discovery.py::TestBootstrapDecentralization::test_multiple_bootstrap_nodes PASSED [ 28%]
tests/test_dht_discovery.py::TestBootstrapDecentralization::test_bootstrap_nodes_are_distinct PASSED [ 28%]
tests/test_dht_discovery.py::TestBootstrapDecentralization::test_no_hardcoded_ips_in_bootstrap PASSED [ 28%]
tests/test_dht_discovery.py::TestBootstrapDecentralization::test_dht_operates_without_bootstrap PASSED [ 28%]
tests/test_dht_discovery.py::TestBootstrapDecentralization::test_dns_seeds_multiple_operators PASSED [ 28%]
tests/test_dht_discovery.py::TestBootstrapDecentralization::test_fallback_chain PASSED [ 29%]
tests/test_dht_discovery.py::TestBootstrapDecentralization::test_bootstrap_manager_supports_at_schema PASSED [ 29%]
tests/test_dht_discovery.py::TestBootstrapDecentralization::test_legacy_qrdx_network_removed PASSED [ 29%]
tests/test_dht_discovery.py::TestConsensusDecentralized::test_node_id_deterministic_from_pubkey PASSED [ 29%]
tests/test_dht_discovery.py::TestConsensusDecentralized::test_node_id_not_choosable PASSED [ 29%]
tests/test_dht_discovery.py::TestConsensusDecentralized::test_routing_table_no_central_authority PASSED [ 29%]
tests/test_dht_discovery.py::TestConsensusDecentralized::test_all_nodes_use_same_protocol PASSED [ 29%]
tests/test_dht_discovery.py::TestConsensusDecentralized::test_xor_distance_symmetric PASSED [ 29%]
tests/test_dht_discovery.py::TestConsensusDecentralized::test_dht_k_parameter PASSED [ 29%]
tests/test_dht_discovery.py::TestConsensusDecentralized::test_dht_160_bit_id_space PASSED [ 29%]
tests/test_dht_discovery.py::TestNoStubs::test_kbucket_is_real_data_structure PASSED [ 29%]
tests/test_dht_discovery.py::TestNoStubs::test_routing_table_has_real_persistence PASSED [ 29%]
tests/test_dht_discovery.py::TestNoStubs::test_discovery_protocol_handles_all_message_types PASSED [ 29%]
tests/test_dht_discovery.py::TestNoStubs::test_dns_seeds_use_real_dilithium_verification PASSED [ 29%]
tests/test_dht_discovery.py::TestNoStubs::test_no_hardcoded_network_fallback PASSED [ 29%]
tests/test_dht_discovery.py::TestNoStubs::test_kbucket_entry_to_node_conversion PASSED [ 29%]
tests/test_dht_integration.py::TestRPCEndpointAlwaysOn::test_rpc_route_exists PASSED [ 29%]
tests/test_dht_integration.py::TestRPCEndpointAlwaysOn::test_rpc_route_is_post PASSED [ 30%]
tests/test_dht_integration.py::TestRPCEndpointAlwaysOn::test_legacy_dht_message_route_removed PASSED [ 30%]
tests/test_dht_integration.py::TestRPCEndpointAlwaysOn::test_legacy_dht_stats_route_removed PASSED [ 30%]
tests/test_dht_integration.py::TestDHTModuleRegistration::test_dht_module_namespace PASSED [ 30%]
tests/test_dht_integration.py::TestDHTModuleRegistration::test_dht_module_methods PASSED [ 30%]
tests/test_dht_integration.py::TestDHTModuleRegistration::test_dht_methods_are_rpc_decorated PASSED [ 30%]
tests/test_dht_integration.py::TestDHTMessageRPC::test_dht_message_raises_when_not_initialized PASSED [ 30%]
tests/test_dht_integration.py::TestDHTMessageRPC::test_dht_message_handles_ping PASSED [ 30%]
tests/test_dht_integration.py::TestDHTMessageRPC::test_dht_message_handles_find_node PASSED [ 30%]
tests/test_dht_integration.py::TestDHTGetStatsRPC::test_get_stats_returns_dict PASSED [ 30%]
tests/test_dht_integration.py::TestDHTGetStatsRPC::test_get_stats_includes_dns_when_set PASSED [ 30%]
tests/test_dht_integration.py::TestDHTGetPeersRPC::test_get_peers_empty PASSED [ 30%]
tests/test_dht_integration.py::TestDHTGetPeersRPC::test_get_peers_returns_entries PASSED [ 30%]
tests/test_dht_integration.py::TestDiscoverySendRPC::test_send_rpc_targets_rpc_endpoint PASSED [ 30%]
tests/test_dht_integration.py::TestDiscoverySendRPC::test_send_rpc_uses_jsonrpc_envelope PASSED [ 30%]
tests/test_dht_integration.py::TestDiscoverySendRPC::test_send_rpc_extracts_result_from_jsonrpc_response PASSED [ 30%]
tests/test_dht_integration.py::TestInitDHT::test_init_dht_creates_discovery PASSED [ 30%]
tests/test_dht_integration.py::TestInitDHT::test_init_dht_non_fatal_on_error PASSED [ 31%]
tests/test_dht_integration.py::TestDHTShutdown::test_dht_stop_persists_routing_table PASSED [ 31%]
tests/test_dht_integration.py::TestDHTShutdown::test_dht_stop_cancels_refresh_task PASSED [ 31%]
tests/test_dht_integration.py::TestDHTShutdown::test_shutdown_includes_dht_stop PASSED [ 31%]
tests/test_dht_integration.py::TestDHTBridge::test_bridge_sync_pushes_peers_to_dht PASSED [ 31%]
tests/test_dht_integration.py::TestDHTBridge::test_bridge_sync_noop_when_dht_not_initialized PASSED [ 31%]
tests/test_dht_integration.py::TestDHTGlobals::test_dht_discovery_importable PASSED [ 31%]
tests/test_dht_integration.py::TestDHTGlobals::test_dht_dns_seeds_importable PASSED [ 31%]
tests/test_dht_integration.py::TestDHTGlobals::test_dht_config_importable PASSED [ 31%]
tests/test_dht_integration.py::TestDHTGlobals::test_init_dht_importable PASSED [ 31%]
tests/test_dht_integration.py::TestDHTGlobals::test_dht_bridge_sync_importable PASSED [ 31%]
tests/test_dht_integration.py::TestP2PImports::test_imports_p2p_node PASSED [ 31%]
tests/test_dht_integration.py::TestP2PImports::test_imports_routing_table PASSED [ 31%]
tests/test_dht_integration.py::TestP2PImports::test_imports_kademlia_discovery PASSED [ 31%]
tests/test_dht_integration.py::TestP2PImports::test_imports_dns_seed_discovery PASSED [ 31%]
tests/test_dht_integration.py::TestP2PImports::test_imports_discovery_config PASSED [ 31%]
tests/test_dht_integration.py::TestP2PImports::test_imports_get_public_key_bytes PASSED [ 32%]
tests/test_dht_integration.py::TestDHTIntegrationComplete::test_dht_module_not_stub PASSED [ 32%]
tests/test_dht_integration.py::TestDHTIntegrationComplete::test_init_dht_not_stub PASSED [ 32%]
tests/test_dht_integration.py::TestDHTIntegrationComplete::test_bridge_sync_not_stub PASSED [ 32%]
tests/test_dht_integration.py::TestDHTIntegrationComplete::test_send_rpc_uses_jsonrpc PASSED [ 32%]
tests/test_doomsday_integration.py::TestShieldingManagerDoomsdayAware::test_implements_doomsday_aware PASSED [ 32%]
tests/test_doomsday_integration.py::TestShieldingManagerDoomsdayAware::test_auto_registers_with_doomsday PASSED [ 32%]
tests/test_doomsday_integration.py::TestShieldingManagerDoomsdayAware::test_on_doomsday_sets_metadata PASSED [ 32%]
tests/test_doomsday_integration.py::TestShieldingManagerDoomsdayAware::test_on_doomsday_fails_pending_shields PASSED [ 32%]
tests/test_doomsday_integration.py::TestShieldingManagerDoomsdayAware::test_doomsday_trigger_notifies_shielding_manager PASSED [ 32%]
tests/test_doomsday_integration.py::TestShieldingManagerDoomsdayAware::test_custom_bridge_id PASSED [ 32%]
tests/test_doomsday_integration.py::TestEthereumAdapterCanary::test_check_canary_balance_parses_wei PASSED [ 32%]
tests/test_doomsday_integration.py::TestEthereumAdapterCanary::test_check_canary_balance_returns_none_on_error PASSED [ 32%]
tests/test_doomsday_integration.py::TestEthereumAdapterCanary::test_check_canary_balance_uses_default_address PASSED [ 32%]
tests/test_doomsday_integration.py::TestEthereumAdapterCanary::test_check_canary_balance_custom_address PASSED [ 32%]
tests/test_doomsday_integration.py::TestEthereumAdapterCanary::test_generate_doomsday_attestation_returns_none_when_safe PASSED [ 32%]
tests/test_doomsday_integration.py::TestEthereumAdapterCanary::test_generate_doomsday_attestation_returns_attestation_when_drained PASSED [ 32%]
tests/test_doomsday_integration.py::TestEthereumAdapterCanary::test_generate_doomsday_attestation_returns_none_on_rpc_error PASSED [ 33%]
tests/test_doomsday_integration.py::TestDatabaseDoomsdayStateStore::test_initialize_creates_tables PASSED [ 33%]
tests/test_doomsday_integration.py::TestDatabaseDoomsdayStateStore::test_async_save PASSED [ 33%]
tests/test_doomsday_integration.py::TestDatabaseDoomsdayStateStore::test_async_load_returns_none_when_empty PASSED [ 33%]
tests/test_doomsday_integration.py::TestDatabaseDoomsdayStateStore::test_async_load_returns_dict PASSED [ 33%]
tests/test_doomsday_integration.py::TestDatabaseDoomsdayStateStore::test_save_attestation PASSED [ 33%]
tests/test_doomsday_integration.py::TestDatabaseDoomsdayStateStore::test_get_attestations PASSED [ 33%]
tests/test_doomsday_integration.py::TestDatabaseDoomsdayStateStore::test_sync_save_in_running_loop PASSED [ 33%]
tests/test_doomsday_integration.py::TestBridgeRPCModule::test_getDoomsdayStatus PASSED [ 33%]
tests/test_doomsday_integration.py::TestBridgeRPCModule::test_getCanaryInfo_no_adapter PASSED [ 33%]
tests/test_doomsday_integration.py::TestBridgeRPCModule::test_getCanaryInfo_with_adapter PASSED [ 33%]
tests/test_doomsday_integration.py::TestBridgeRPCModule::test_getAttestationProgress PASSED [ 33%]
tests/test_doomsday_integration.py::TestBridgeRPCModule::test_getShieldingStats PASSED [ 33%]
tests/test_doomsday_integration.py::TestBridgeRPCModule::test_getBountyInfo PASSED [ 33%]
tests/test_doomsday_integration.py::TestBridgeRPCModule::test_submitDoomsdayAttestation_valid PASSED [ 33%]
tests/test_doomsday_integration.py::TestBridgeRPCModule::test_getDoomsdayStatus_after_trigger PASSED [ 33%]
tests/test_doomsday_integration.py::TestBridgeRPCModule::test_context_fallback_to_shielding_manager PASSED [ 33%]
tests/test_doomsday_integration.py::TestBridgeRPCModule::test_module_namespace PASSED [ 34%]
tests/test_doomsday_integration.py::TestBridgeRPCModule::test_module_methods_registered PASSED [ 34%]
tests/test_doomsday_integration.py::TestValidatorNodeCanaryMonitor::test_set_eth_adapter PASSED [ 34%]
tests/test_doomsday_integration.py::TestValidatorNodeCanaryMonitor::test_set_doomsday_protocol PASSED [ 34%]
tests/test_doomsday_integration.py::TestValidatorNodeCanaryMonitor::test_canary_monitor_exits_when_active PASSED [ 34%]
tests/test_doomsday_integration.py::TestValidatorNodeCanaryMonitor::test_canary_monitor_submits_attestation PASSED [ 34%]
tests/test_doomsday_integration.py::TestValidatorNodeCanaryMonitor::test_canary_monitor_skips_when_safe PASSED [ 34%]
tests/test_doomsday_integration.py::TestExports::test_bridge_package_exports_db_store PASSED [ 34%]
tests/test_doomsday_integration.py::TestExports::test_rpc_modules_exports_bridge_module PASSED [ 34%]
tests/test_doomsday_integration.py::TestExports::test_bridge_shielding_exports PASSED [ 34%]
tests/test_doomsday_integration.py::TestExports::test_adapter_canary_methods_exist PASSED [ 34%]
tests/test_doomsday_integration.py::TestExports::test_validator_node_canary_methods_exist PASSED [ 34%]
tests/test_evm_compatibility.py::test_simple_storage PASSED              [ 34%]
tests/test_exchange_engine.py::TestOrderBookBasics::test_create_order PASSED [ 34%]
tests/test_exchange_engine.py::TestOrderBookBasics::test_order_sides PASSED [ 34%]
tests/test_exchange_engine.py::TestOrderBookBasics::test_order_types PASSED [ 34%]
tests/test_exchange_engine.py::TestOrderBookBasics::test_order_status_enum PASSED [ 35%]
tests/test_exchange_engine.py::TestOrderBookBasics::test_order_book_creation PASSED [ 35%]
tests/test_exchange_engine.py::TestOrderBookBasics::test_place_limit_buy PASSED [ 35%]
tests/test_exchange_engine.py::TestOrderBookBasics::test_place_limit_sell PASSED [ 35%]
tests/test_exchange_engine.py::TestOrderBookBasics::test_cancel_order PASSED [ 35%]
tests/test_exchange_engine.py::TestOrderBookBasics::test_cancel_nonexistent PASSED [ 35%]
tests/test_exchange_engine.py::TestOrderBookBasics::test_validate_zero_amount PASSED [ 35%]
tests/test_exchange_engine.py::TestOrderBookBasics::test_validate_no_owner PASSED [ 35%]
tests/test_exchange_engine.py::TestOrderBookBasics::test_validate_limit_zero_price PASSED [ 35%]
tests/test_exchange_engine.py::TestOrderBookMatching::test_full_fill PASSED [ 35%]
tests/test_exchange_engine.py::TestOrderBookMatching::test_partial_fill PASSED [ 35%]
tests/test_exchange_engine.py::TestOrderBookMatching::test_cross_multiple_levels PASSED [ 35%]
tests/test_exchange_engine.py::TestOrderBookMatching::test_market_order PASSED [ 35%]
tests/test_exchange_engine.py::TestOrderBookMatching::test_market_order_no_liquidity PASSED [ 35%]
tests/test_exchange_engine.py::TestOrderBookMatching::test_time_priority PASSED [ 35%]
tests/test_exchange_engine.py::TestOrderBookMatching::test_maker_taker_fees PASSED [ 35%]
tests/test_exchange_engine.py::TestOrderBookStopLoss::test_stop_loss_placement PASSED [ 35%]
tests/test_exchange_engine.py::TestOrderBookStopLoss::test_stop_loss_missing_price PASSED [ 36%]
tests/test_exchange_engine.py::TestOrderBookStopLoss::test_stop_loss_cancel PASSED [ 36%]
tests/test_exchange_engine.py::TestOrderBookDepth::test_get_bids_asks PASSED [ 36%]
tests/test_exchange_engine.py::TestOrderBookDepth::test_mid_price_and_spread PASSED [ 36%]
tests/test_exchange_engine.py::TestOrderBookDepth::test_max_depth_enforcement PASSED [ 36%]
tests/test_exchange_engine.py::TestOrderBookDepth::test_open_orders_by_owner PASSED [ 36%]
tests/test_exchange_engine.py::TestOrderBookTrades::test_trade_history PASSED [ 36%]
tests/test_exchange_engine.py::TestOrderBookTrades::test_volume_tracking PASSED [ 36%]
tests/test_exchange_engine.py::TestTickMath::test_tick_zero_is_price_one PASSED [ 36%]
tests/test_exchange_engine.py::TestTickMath::test_positive_tick PASSED   [ 36%]
tests/test_exchange_engine.py::TestTickMath::test_negative_tick PASSED   [ 36%]
tests/test_exchange_engine.py::TestTickMath::test_roundtrip PASSED       [ 36%]
tests/test_exchange_engine.py::TestFeeTier::test_fee_tier_values PASSED  [ 36%]
tests/test_exchange_engine.py::TestFeeTier::test_fee_rates PASSED        [ 36%]
tests/test_exchange_engine.py::TestFeeTier::test_tick_spacing PASSED     [ 36%]
tests/test_exchange_engine.py::TestFeeTier::test_fee_distribution_sums_to_one PASSED [ 36%]
tests/test_exchange_engine.py::TestPoolState::test_pool_state_creation PASSED [ 36%]
tests/test_exchange_engine.py::TestConcentratedLiquidity::test_add_liquidity PASSED [ 37%]
tests/test_exchange_engine.py::TestConcentratedLiquidity::test_add_liquidity_bad_ticks PASSED [ 37%]
tests/test_exchange_engine.py::TestConcentratedLiquidity::test_add_liquidity_bad_spacing PASSED [ 37%]
tests/test_exchange_engine.py::TestConcentratedLiquidity::test_add_liquidity_zero_amount PASSED [ 37%]
tests/test_exchange_engine.py::TestConcentratedLiquidity::test_swap_zero_for_one PASSED [ 37%]
tests/test_exchange_engine.py::TestConcentratedLiquidity::test_swap_one_for_zero PASSED [ 37%]
tests/test_exchange_engine.py::TestConcentratedLiquidity::test_swap_no_liquidity PASSED [ 37%]
tests/test_exchange_engine.py::TestConcentratedLiquidity::test_swap_zero_amount PASSED [ 37%]
tests/test_exchange_engine.py::TestConcentratedLiquidity::test_remove_liquidity PASSED [ 37%]
tests/test_exchange_engine.py::TestConcentratedLiquidity::test_remove_liquidity_partial PASSED [ 37%]
tests/test_exchange_engine.py::TestConcentratedLiquidity::test_remove_nonexistent PASSED [ 37%]
tests/test_exchange_engine.py::TestConcentratedLiquidity::test_fee_accrual_on_swap PASSED [ 37%]
tests/test_exchange_engine.py::TestConcentratedLiquidity::test_protocol_fees_accrued PASSED [ 37%]
tests/test_exchange_engine.py::TestFeeDistribution::test_fee_split_constants_match_whitepaper PASSED [ 37%]
tests/test_exchange_engine.py::TestFeeDistribution::test_fee_split_via_router PASSED [ 37%]
tests/test_exchange_engine.py::TestFeeDistribution::test_fee_tier_constants_match PASSED [ 37%]
tests/test_exchange_engine.py::TestPoolManager::test_create_standard_pool PASSED [ 38%]
tests/test_exchange_engine.py::TestPoolManager::test_create_bootstrap_pool PASSED [ 38%]
tests/test_exchange_engine.py::TestPoolManager::test_create_subsidized_pool PASSED [ 38%]
tests/test_exchange_engine.py::TestPoolManager::test_create_institutional_pool PASSED [ 38%]
tests/test_exchange_engine.py::TestPoolManager::test_insufficient_stake_rejected PASSED [ 38%]
tests/test_exchange_engine.py::TestPoolManager::test_subsidized_insufficient_burn PASSED [ 38%]
tests/test_exchange_engine.py::TestPoolManager::test_duplicate_pool_rejected PASSED [ 38%]
tests/test_exchange_engine.py::TestPoolManager::test_same_pair_different_fee_tier PASSED [ 38%]
tests/test_exchange_engine.py::TestPoolManager::test_canonical_ordering PASSED [ 38%]
tests/test_exchange_engine.py::TestPoolManager::test_get_pool_by_id PASSED [ 38%]
tests/test_exchange_engine.py::TestPoolManager::test_get_pools_for_pair PASSED [ 38%]
tests/test_exchange_engine.py::TestPoolManager::test_get_best_pool PASSED [ 38%]
tests/test_exchange_engine.py::TestPoolManager::test_pool_stake_requirement_values PASSED [ 38%]
tests/test_exchange_engine.py::TestPoolManager::test_invalid_sqrt_price PASSED [ 38%]
tests/test_exchange_engine.py::TestTWAPOracle::test_record_observation PASSED [ 38%]
tests/test_exchange_engine.py::TestTWAPOracle::test_latest_price PASSED  [ 38%]
tests/test_exchange_engine.py::TestTWAPOracle::test_twap_two_points PASSED [ 38%]
tests/test_exchange_engine.py::TestTWAPOracle::test_twap_price_change PASSED [ 39%]
tests/test_exchange_engine.py::TestTWAPOracle::test_twap_insufficient_data PASSED [ 39%]
tests/test_exchange_engine.py::TestTWAPOracle::test_negative_price_rejected PASSED [ 39%]
tests/test_exchange_engine.py::TestTWAPOracle::test_non_monotonic_rejected PASSED [ 39%]
tests/test_exchange_engine.py::TestTWAPOracle::test_max_observations_trimmed PASSED [ 39%]
tests/test_exchange_engine.py::TestTWAPOracle::test_price_at_timestamp PASSED [ 39%]
tests/test_exchange_engine.py::TestTWAPOracle::test_twap_tick PASSED     [ 39%]
tests/test_exchange_engine.py::TestUnifiedRouter::test_amm_only_fill PASSED [ 39%]
tests/test_exchange_engine.py::TestUnifiedRouter::test_clob_only_fill PASSED [ 39%]
tests/test_exchange_engine.py::TestUnifiedRouter::test_no_liquidity_raises PASSED [ 39%]
tests/test_exchange_engine.py::TestUnifiedRouter::test_zero_amount_raises PASSED [ 39%]
tests/test_exchange_engine.py::TestUnifiedRouter::test_no_sender_raises PASSED [ 39%]
tests/test_exchange_engine.py::TestUnifiedRouter::test_fee_split_in_result PASSED [ 39%]
tests/test_exchange_engine.py::TestUnifiedRouter::test_oracle_update_on_trade PASSED [ 39%]
tests/test_exchange_engine.py::TestUnifiedRouter::test_register_and_get_order_book PASSED [ 39%]
tests/test_exchange_engine.py::TestUnifiedRouter::test_register_and_get_oracle PASSED [ 39%]
tests/test_exchange_engine.py::TestFillResult::test_fill_source_enum PASSED [ 39%]
tests/test_exchange_engine.py::TestFillResult::test_fill_result_creation PASSED [ 40%]
tests/test_exchange_engine.py::TestPerpMarketCreation::test_create_market PASSED [ 40%]
tests/test_exchange_engine.py::TestPerpMarketCreation::test_create_duplicate_rejected PASSED [ 40%]
tests/test_exchange_engine.py::TestPerpMarketCreation::test_invalid_margin_rates PASSED [ 40%]
tests/test_exchange_engine.py::TestPerpMarketCreation::test_maintenance_gte_initial_rejected PASSED [ 40%]
tests/test_exchange_engine.py::TestPerpMarketCreation::test_excessive_leverage_rejected PASSED [ 40%]
tests/test_exchange_engine.py::TestPerpMarketCreation::test_get_market PASSED [ 40%]
tests/test_exchange_engine.py::TestPerpPositions::test_open_long PASSED  [ 40%]
tests/test_exchange_engine.py::TestPerpPositions::test_open_short PASSED [ 40%]
tests/test_exchange_engine.py::TestPerpPositions::test_open_invalid_market PASSED [ 40%]
tests/test_exchange_engine.py::TestPerpPositions::test_open_zero_size PASSED [ 40%]
tests/test_exchange_engine.py::TestPerpPositions::test_open_excess_leverage PASSED [ 40%]
tests/test_exchange_engine.py::TestPerpPositions::test_close_long_profit PASSED [ 40%]
tests/test_exchange_engine.py::TestPerpPositions::test_close_short_profit PASSED [ 40%]
tests/test_exchange_engine.py::TestPerpPositions::test_close_long_loss PASSED [ 40%]
tests/test_exchange_engine.py::TestPerpPositions::test_close_already_closed PASSED [ 40%]
tests/test_exchange_engine.py::TestPerpPositions::test_unrealized_pnl PASSED [ 41%]
tests/test_exchange_engine.py::TestPerpPositions::test_margin_ratio PASSED [ 41%]
tests/test_exchange_engine.py::TestPerpPositions::test_liquidation_price PASSED [ 41%]
tests/test_exchange_engine.py::TestPerpPositions::test_bankruptcy_price PASSED [ 41%]
tests/test_exchange_engine.py::TestPerpPositions::test_get_positions_by_owner PASSED [ 41%]
tests/test_exchange_engine.py::TestPerpPositions::test_open_interest_tracking PASSED [ 41%]
tests/test_exchange_engine.py::TestPerpPositions::test_add_margin PASSED [ 41%]
tests/test_exchange_engine.py::TestPerpFunding::test_funding_rate_positive PASSED [ 41%]
tests/test_exchange_engine.py::TestPerpFunding::test_funding_rate_negative PASSED [ 41%]
tests/test_exchange_engine.py::TestPerpFunding::test_funding_rate_capped PASSED [ 41%]
tests/test_exchange_engine.py::TestPerpFunding::test_apply_funding PASSED [ 41%]
tests/test_exchange_engine.py::TestPerpFunding::test_funding_too_early PASSED [ 41%]
tests/test_exchange_engine.py::TestPerpLiquidation::test_healthy_position_not_liquidated PASSED [ 41%]
tests/test_exchange_engine.py::TestPerpLiquidation::test_undercollateralized_position_liquidated PASSED [ 41%]
tests/test_exchange_engine.py::TestPerpLiquidation::test_insurance_fund_used PASSED [ 41%]
tests/test_exchange_engine.py::TestPerpLiquidation::test_adl_triggered_when_insurance_depleted PASSED [ 41%]
tests/test_exchange_engine.py::TestPerpLiquidation::test_add_insurance_fund PASSED [ 41%]
tests/test_exchange_engine.py::TestPerpLiquidation::test_add_insurance_invalid PASSED [ 42%]
tests/test_exchange_engine.py::TestPerpPricing::test_update_price PASSED [ 42%]
tests/test_exchange_engine.py::TestPerpPricing::test_update_price_invalid_market PASSED [ 42%]
tests/test_exchange_engine.py::TestExchangeConstants::test_fee_tiers PASSED [ 42%]
tests/test_exchange_engine.py::TestExchangeConstants::test_fee_distribution PASSED [ 42%]
tests/test_exchange_engine.py::TestExchangeConstants::test_orderbook_fees PASSED [ 42%]
tests/test_exchange_engine.py::TestExchangeConstants::test_pool_stakes PASSED [ 42%]
tests/test_exchange_engine.py::TestExchangeConstants::test_tick_bounds PASSED [ 42%]
tests/test_exchange_engine.py::TestExchangeConstants::test_perp_constants PASSED [ 42%]
tests/test_exchange_engine.py::TestExchangeConstants::test_gas_costs PASSED [ 42%]
tests/test_exchange_engine.py::TestPackageImports::test_orderbook_imports PASSED [ 42%]
tests/test_exchange_engine.py::TestPackageImports::test_amm_imports PASSED [ 42%]
tests/test_exchange_engine.py::TestPackageImports::test_perp_imports PASSED [ 42%]
tests/test_exchange_engine.py::TestPackageImports::test_router_imports PASSED [ 42%]
tests/test_exchange_engine.py::TestPackageImports::test_oracle_imports PASSED [ 42%]
tests/test_exchange_engine.py::TestPackageImports::test_hooks_imports PASSED [ 42%]
tests/test_exchange_engine.py::TestPackageImports::test_security_imports PASSED [ 42%]
tests/test_exchange_engine.py::TestOrderBookSecurity::test_stp_reject_mode PASSED [ 43%]
tests/test_exchange_engine.py::TestOrderBookSecurity::test_stp_cancel_maker_mode PASSED [ 43%]
tests/test_exchange_engine.py::TestOrderBookSecurity::test_stp_cancel_both_mode PASSED [ 43%]
tests/test_exchange_engine.py::TestOrderBookSecurity::test_stp_different_owners_trade_normally PASSED [ 43%]
tests/test_exchange_engine.py::TestOrderBookSecurity::test_cancel_by_owner_succeeds PASSED [ 43%]
tests/test_exchange_engine.py::TestOrderBookSecurity::test_cancel_by_non_owner_rejected PASSED [ 43%]
tests/test_exchange_engine.py::TestOrderBookSecurity::test_cancel_no_caller_still_works PASSED [ 43%]
tests/test_exchange_engine.py::TestOrderBookSecurity::test_cancel_stop_by_non_owner_rejected PASSED [ 43%]
tests/test_exchange_engine.py::TestOrderBookSecurity::test_rate_limit_enforced PASSED [ 43%]
tests/test_exchange_engine.py::TestOrderBookSecurity::test_rate_limit_resets_on_new_block PASSED [ 43%]
tests/test_exchange_engine.py::TestOrderBookSecurity::test_rate_limit_per_address PASSED [ 43%]
tests/test_exchange_engine.py::TestOrderBookSecurity::test_nonce_replay_rejected PASSED [ 43%]
tests/test_exchange_engine.py::TestOrderBookSecurity::test_nonce_must_increase PASSED [ 43%]
tests/test_exchange_engine.py::TestOrderBookSecurity::test_nonce_zero_ignored PASSED [ 43%]
tests/test_exchange_engine.py::TestOrderBookSecurity::test_nonce_strictly_increasing_accepted PASSED [ 43%]
tests/test_exchange_engine.py::TestOrderBookSecurity::test_min_order_size_rejected PASSED [ 43%]
tests/test_exchange_engine.py::TestOrderBookSecurity::test_min_order_size_exact_accepted PASSED [ 44%]
tests/test_exchange_engine.py::TestOrderBookSecurity::test_duplicate_order_id_rejected PASSED [ 44%]
tests/test_exchange_engine.py::TestOrderBookSecurity::test_expired_order_rejected PASSED [ 44%]
tests/test_exchange_engine.py::TestOrderBookSecurity::test_paused_book_rejects_orders PASSED [ 44%]
tests/test_exchange_engine.py::TestOrderBookSecurity::test_unpause_resumes_trading PASSED [ 44%]
tests/test_exchange_engine.py::TestOrderBookSecurity::test_trade_ids_are_deterministic PASSED [ 44%]
tests/test_exchange_engine.py::TestOrderBookSecurity::test_trade_has_sequence_number PASSED [ 44%]
tests/test_exchange_engine.py::TestAMMSecurity::test_swap_slippage_protection PASSED [ 44%]
tests/test_exchange_engine.py::TestAMMSecurity::test_swap_min_amount_out_zero_passes PASSED [ 44%]
tests/test_exchange_engine.py::TestAMMSecurity::test_swap_min_amount_out_exact_passes PASSED [ 44%]
tests/test_exchange_engine.py::TestAMMSecurity::test_price_impact_small_trade PASSED [ 44%]
tests/test_exchange_engine.py::TestAMMSecurity::test_price_impact_large_trade PASSED [ 44%]
tests/test_exchange_engine.py::TestAMMSecurity::test_paused_pool_rejects_swap PASSED [ 44%]
tests/test_exchange_engine.py::TestAMMSecurity::test_paused_pool_rejects_add_liquidity PASSED [ 44%]
tests/test_exchange_engine.py::TestAMMSecurity::test_unpause_resumes PASSED [ 44%]
tests/test_exchange_engine.py::TestAMMSecurity::test_position_ids_deterministic PASSED [ 44%]
tests/test_exchange_engine.py::TestAMMSecurity::test_pool_ids_deterministic PASSED [ 44%]
tests/test_exchange_engine.py::TestPerpSecurity::test_paused_engine_rejects_open PASSED [ 45%]
tests/test_exchange_engine.py::TestPerpSecurity::test_unpause_resumes PASSED [ 45%]
tests/test_exchange_engine.py::TestPerpSecurity::test_partial_close_reduces_size PASSED [ 45%]
tests/test_exchange_engine.py::TestPerpSecurity::test_partial_close_releases_proportional_margin PASSED [ 45%]
tests/test_exchange_engine.py::TestPerpSecurity::test_partial_close_updates_oi PASSED [ 45%]
tests/test_exchange_engine.py::TestPerpSecurity::test_partial_close_full_size_closes_entirely PASSED [ 45%]
tests/test_exchange_engine.py::TestPerpSecurity::test_partial_close_invalid_size PASSED [ 45%]
tests/test_exchange_engine.py::TestPerpSecurity::test_liquidation_penalty_goes_to_insurance PASSED [ 45%]
tests/test_exchange_engine.py::TestPerpSecurity::test_liquidation_penalty_rate PASSED [ 45%]
tests/test_exchange_engine.py::TestPerpSecurity::test_position_ids_deterministic PASSED [ 45%]
tests/test_exchange_engine.py::TestPerpSecurity::test_funding_rate_dampened_by_oi_imbalance PASSED [ 45%]
tests/test_exchange_engine.py::TestRouterSecurity::test_expired_deadline_rejected PASSED [ 45%]
tests/test_exchange_engine.py::TestRouterSecurity::test_future_deadline_accepted PASSED [ 45%]
tests/test_exchange_engine.py::TestRouterSecurity::test_zero_deadline_no_check PASSED [ 45%]
tests/test_exchange_engine.py::TestRouterSecurity::test_min_amount_out_enforced PASSED [ 45%]
tests/test_exchange_engine.py::TestRouterSecurity::test_min_amount_out_satisfied PASSED [ 45%]
tests/test_exchange_engine.py::TestRouterSecurity::test_paused_router_rejects_trades PASSED [ 45%]
tests/test_exchange_engine.py::TestRouterSecurity::test_unpause_resumes PASSED [ 46%]
tests/test_exchange_engine.py::TestRouterSecurity::test_quote_amm_is_read_only PASSED [ 46%]
tests/test_exchange_engine.py::TestRouterSecurity::test_clob_order_ids_deterministic PASSED [ 46%]
tests/test_exchange_engine.py::TestOracleSecurity::test_outlier_price_rejected PASSED [ 46%]
tests/test_exchange_engine.py::TestOracleSecurity::test_within_threshold_accepted PASSED [ 46%]
tests/test_exchange_engine.py::TestOracleSecurity::test_outlier_drop_accepted PASSED [ 46%]
tests/test_exchange_engine.py::TestOracleSecurity::test_outlier_boundary_50pct PASSED [ 46%]
tests/test_exchange_engine.py::TestOracleSecurity::test_outlier_boundary_just_over PASSED [ 46%]
tests/test_exchange_engine.py::TestOracleSecurity::test_same_timestamp_overwrites PASSED [ 46%]
tests/test_exchange_engine.py::TestOracleSecurity::test_twap_below_min_period_returns_none PASSED [ 46%]
tests/test_exchange_engine.py::TestOracleSecurity::test_twap_at_min_period_returns_value PASSED [ 46%]
tests/test_exchange_engine.py::TestOracleSecurity::test_is_stale_fresh PASSED [ 46%]
tests/test_exchange_engine.py::TestOracleSecurity::test_is_stale_old PASSED [ 46%]
tests/test_exchange_engine.py::TestOracleSecurity::test_is_stale_no_observations PASSED [ 46%]
tests/test_exchange_engine.py::TestOracleSecurity::test_age_property PASSED [ 46%]
tests/test_exchange_engine.py::TestHookSystem::test_hook_flags_composition PASSED [ 46%]
tests/test_exchange_engine.py::TestHookSystem::test_hook_flags_all PASSED [ 47%]
tests/test_exchange_engine.py::TestHookSystem::test_hook_context_creation PASSED [ 47%]
tests/test_exchange_engine.py::TestHookSystem::test_hook_result_allow PASSED [ 47%]
tests/test_exchange_engine.py::TestHookSystem::test_hook_result_deny PASSED [ 47%]
tests/test_exchange_engine.py::TestHookSystem::test_hook_result_fee_override PASSED [ 47%]
tests/test_exchange_engine.py::TestHookSystem::test_register_and_run_hook PASSED [ 47%]
tests/test_exchange_engine.py::TestHookSystem::test_multiple_hooks_all_run PASSED [ 47%]
tests/test_exchange_engine.py::TestHookSystem::test_blocking_hook_stops_execution PASSED [ 47%]
tests/test_exchange_engine.py::TestHookSystem::test_unregister_hook PASSED [ 47%]
tests/test_exchange_engine.py::TestHookSystem::test_hook_flag_filtering PASSED [ 47%]
tests/test_exchange_engine.py::TestHookSystem::test_all_four_hook_points PASSED [ 47%]
tests/test_exchange_engine.py::TestHookSystem::test_circuit_breaker_manual_trip PASSED [ 47%]
tests/test_exchange_engine.py::TestHookSystem::test_circuit_breaker_reset PASSED [ 47%]
tests/test_exchange_engine.py::TestHookSystem::test_circuit_breaker_blocks_when_tripped PASSED [ 47%]
tests/test_exchange_engine.py::TestHookSystem::test_circuit_breaker_allows_when_not_tripped PASSED [ 47%]
tests/test_exchange_engine.py::TestHookSystem::test_circuit_breaker_volume_trip PASSED [ 47%]
tests/test_exchange_engine.py::TestHookSystem::test_circuit_breaker_new_block_resets_volume PASSED [ 47%]
tests/test_exchange_engine.py::TestHookSystem::test_circuit_breaker_price_deviation_trip PASSED [ 48%]
tests/test_exchange_engine.py::TestHookSystem::test_circuit_breaker_liquidity_blocked_when_tripped PASSED [ 48%]
tests/test_exchange_engine.py::TestHookSystem::test_circuit_breaker_flags PASSED [ 48%]
tests/test_exchange_engine.py::TestHookSystem::test_circuit_breaker_integrated_with_registry PASSED [ 48%]
tests/test_exchange_integration.py::TestExchangeTransaction::test_create_basic PASSED [ 48%]
tests/test_exchange_integration.py::TestExchangeTransaction::test_tx_hash_deterministic PASSED [ 48%]
tests/test_exchange_integration.py::TestExchangeTransaction::test_tx_hash_changes_with_params PASSED [ 48%]
tests/test_exchange_integration.py::TestExchangeTransaction::test_to_dict_from_dict PASSED [ 48%]
tests/test_exchange_integration.py::TestExchangeTransaction::test_to_hex_from_hex PASSED [ 48%]
tests/test_exchange_integration.py::TestExchangeTransaction::test_fee_calculation PASSED [ 48%]
tests/test_exchange_integration.py::TestExchangeTransaction::test_is_exchange_transaction_marker PASSED [ 48%]
tests/test_exchange_integration.py::TestExchangeTransactionValidation::test_valid_swap PASSED [ 48%]
tests/test_exchange_integration.py::TestExchangeTransactionValidation::test_missing_sender PASSED [ 48%]
tests/test_exchange_integration.py::TestExchangeTransactionValidation::test_negative_nonce PASSED [ 48%]
tests/test_exchange_integration.py::TestExchangeTransactionValidation::test_zero_gas_limit PASSED [ 48%]
tests/test_exchange_integration.py::TestExchangeTransactionValidation::test_create_pool_missing_params PASSED [ 48%]
tests/test_exchange_integration.py::TestExchangeTransactionValidation::test_add_liquidity_missing_params PASSED [ 48%]
tests/test_exchange_integration.py::TestExchangeTransactionValidation::test_remove_liquidity_missing_params PASSED [ 49%]
tests/test_exchange_integration.py::TestExchangeTransactionValidation::test_swap_missing_params PASSED [ 49%]
tests/test_exchange_integration.py::TestExchangeTransactionValidation::test_place_order_missing_params PASSED [ 49%]
tests/test_exchange_integration.py::TestExchangeTransactionValidation::test_cancel_order_missing_params PASSED [ 49%]
tests/test_exchange_integration.py::TestExchangeTransactionValidation::test_open_position_missing_params PASSED [ 49%]
tests/test_exchange_integration.py::TestExchangeTransactionValidation::test_close_position_missing_params PASSED [ 49%]
tests/test_exchange_integration.py::TestExchangeTransactionValidation::test_partial_close_missing_params PASSED [ 49%]
tests/test_exchange_integration.py::TestExchangeTransactionValidation::test_add_margin_missing_params PASSED [ 49%]
tests/test_exchange_integration.py::TestExchangeTransactionValidation::test_update_oracle_missing_params PASSED [ 49%]
tests/test_exchange_integration.py::TestExchangeTransactionValidation::test_valid_create_pool PASSED [ 49%]
tests/test_exchange_integration.py::TestExchangeTransactionValidation::test_valid_update_oracle PASSED [ 49%]
tests/test_exchange_integration.py::TestExchangeStateManagerLifecycle::test_singleton PASSED [ 49%]
tests/test_exchange_integration.py::TestExchangeStateManagerLifecycle::test_reset_instance PASSED [ 49%]
tests/test_exchange_integration.py::TestExchangeStateManagerLifecycle::test_begin_block PASSED [ 49%]
tests/test_exchange_integration.py::TestExchangeStateManagerLifecycle::test_finalize_block_returns_state_root PASSED [ 49%]
tests/test_exchange_integration.py::TestExchangeStateManagerLifecycle::test_state_root_deterministic PASSED [ 49%]
tests/test_exchange_integration.py::TestExchangeStateManagerLifecycle::test_state_root_changes_with_height PASSED [ 50%]
tests/test_exchange_integration.py::TestExchangeStateManagerLifecycle::test_get_stats PASSED [ 50%]
tests/test_exchange_integration.py::TestNonceEnforcement::test_nonce_starts_at_zero PASSED [ 50%]
tests/test_exchange_integration.py::TestNonceEnforcement::test_nonce_increments_on_success PASSED [ 50%]
tests/test_exchange_integration.py::TestNonceEnforcement::test_nonce_rejects_replay PASSED [ 50%]
tests/test_exchange_integration.py::TestNonceEnforcement::test_nonce_rejects_skip PASSED [ 50%]
[...]
tests/test_security_adversarial.py::TestValidatorPQEnforcement::test_no_fallback_verify PASSED [ 85%]
tests/test_security_adversarial.py::TestConsensusEnforcement::test_coinbase_rejected_in_pos PASSED [ 85%]
tests/test_security_adversarial.py::TestConsensusEnforcement::test_finality_requires_supermajority PASSED [ 85%]
tests/test_security_adversarial.py::TestConsensusEnforcement::test_consensus_only_v2_pos PASSED [ 85%]
tests/test_security_adversarial.py::TestSlashingPenalties::test_double_sign_penalty_50_percent PASSED [ 85%]
tests/test_security_adversarial.py::TestSlashingPenalties::test_bridge_fraud_penalty_100_percent PASSED [ 85%]
tests/test_security_adversarial.py::TestSlashingPenalties::test_all_conditions_have_penalties PASSED [ 85%]
tests/test_security_adversarial.py::TestRPCInputValidation::test_invalid_json_returns_parse_error PASSED [ 85%]
tests/test_security_adversarial.py::TestRPCInputValidation::test_missing_method_returns_error PASSED [ 85%]
tests/test_security_adversarial.py::TestRPCInputValidation::test_wrong_jsonrpc_version_returns_error PASSED [ 85%]
tests/test_security_adversarial.py::TestRPCInputValidation::test_empty_batch_returns_error PASSED [ 85%]
tests/test_security_adversarial.py::TestDockerSecurity::test_requirements_v3_includes_liboqs PASSED [ 85%]
tests/test_security_adversarial.py::TestDockerSecurity::test_dockerfile_uses_requirements_v3 PASSED [ 85%]
tests/test_security_adversarial.py::TestDockerSecurity::test_no_hardcoded_credentials_in_config PASSED [ 85%]
tests/test_security_adversarial.py::TestDockerSecurity::test_no_private_key_in_tracked_files PASSED [ 85%]
tests/test_security_adversarial.py::TestSecurityConstants::test_min_stake PASSED [ 86%]
tests/test_security_adversarial.py::TestSecurityConstants::test_max_validators PASSED [ 86%]
tests/test_security_adversarial.py::TestSecurityConstants::test_supermajority PASSED [ 86%]
tests/test_security_adversarial.py::TestSecurityConstants::test_withdrawal_delay PASSED [ 86%]
tests/test_security_adversarial.py::TestSecurityConstants::test_slot_time PASSED [ 86%]
tests/test_security_adversarial.py::TestSecurityConstants::test_epoch_length PASSED [ 86%]
tests/test_security_adversarial.py::TestSecurityConstants::test_exchange_fee_validator_share PASSED [ 86%]
tests/test_security_adversarial.py::TestSecurityConstants::test_double_sign_penalty PASSED [ 86%]
tests/test_security_adversarial.py::TestSecurityConstants::test_bridge_fraud_penalty PASSED [ 86%]
tests/test_state_sync.py::TestConversionFunctions::test_qrdx_to_wei_conversion PASSED [ 86%]
tests/test_state_sync.py::TestConversionFunctions::test_wei_to_qrdx_conversion PASSED [ 86%]
tests/test_state_sync.py::TestConversionFunctions::test_round_trip_conversion PASSED [ 86%]
tests/test_state_sync.py::TestConversionFunctions::test_large_amounts PASSED [ 86%]
tests/test_state_sync.py::TestConversionFunctions::test_small_amounts PASSED [ 86%]
tests/test_state_sync.py::TestStateSyncManager::test_sync_address_basic PASSED [ 86%]
tests/test_state_sync.py::TestStateSyncManager::test_sync_skips_if_already_synced PASSED [ 86%]
tests/test_state_sync.py::TestStateSyncManager::test_force_sync PASSED   [ 86%]
tests/test_state_sync.py::TestStateSyncManager::test_zero_balance_sync PASSED [ 87%]
tests/test_state_sync.py::TestExecutionContext::test_prepare_execution PASSED [ 87%]
tests/test_state_sync.py::TestExecutionContext::test_finalize_success PASSED [ 87%]
tests/test_state_sync.py::TestExecutionContext::test_finalize_failure_reverts PASSED [ 87%]
tests/test_state_sync.py::TestIntegration::test_full_transaction_flow PASSED [ 87%]
tests/test_state_sync.py::TestIntegration::test_multiple_transactions_same_account PASSED [ 87%]
tests/test_system_wallets.py::test_system_wallet_addresses PASSED        [ 87%]
tests/test_system_wallets.py::test_system_wallet_creation PASSED         [ 87%]
tests/test_system_wallets.py::test_pq_controller_wallet PASSED           [ 87%]
tests/test_system_wallets.py::test_system_wallet_manager PASSED          [ 87%]
tests/test_system_wallets.py::test_genesis_creation PASSED               [ 87%]
tests/test_system_wallets.py::test_transaction_validation PASSED         [ 87%]
tests/test_testnet_integration.py::test_s01_genesis_bootstrap PASSED     [ 87%]
tests/test_testnet_integration.py::test_s02_peer_mesh 2026-03-19T21:00:43 UTC - INFO - integration_tests.orchestrator -               
Stopping all nodes...                                                           
2026-03-19T21:00:43 UTC - INFO - integration_tests.orchestrator - Stopping      
node-0 (PID 10816)...                                                           
2026-03-19T21:00:43 UTC - INFO - integration_tests.orchestrator - Stopping      
node-1 (PID 10845)...                                                           
2026-03-19T21:00:43 UTC - INFO - integration_tests.orchestrator - Stopping      
node-2 (PID 10859)...                                                           
2026-03-19T21:00:43 UTC - INFO - integration_tests.orchestrator - Stopping      
node-3 (PID 10874)...                                                           
2026-03-19T21:00:53 UTC - WARNING - integration_tests.orchestrator - Force      
killing node-0 (PID 10816)                                                      
2026-03-19T21:00:53 UTC - WARNING - integration_tests.orchestrator - Force      
killing node-1 (PID 10845)                                                      
2026-03-19T21:00:53 UTC - WARNING - integration_tests.orchestrator - Force      
killing node-2 (PID 10859)                                                      
2026-03-19T21:00:53 UTC - WARNING - integration_tests.orchestrator - Force      
killing node-3 (PID 10874)                                                      
2026-03-19T21:00:53 UTC - INFO - integration_tests.orchestrator - Stopped node-0
2026-03-19T21:00:53 UTC - INFO - integration_tests.orchestrator - Stopped node-1
2026-03-19T21:00:53 UTC - INFO - integration_tests.orchestrator - Stopped node-2
2026-03-19T21:00:53 UTC - INFO - integration_tests.orchestrator - Stopped node-3
2026-03-19T21:00:53 UTC - INFO - integration_tests.orchestrator - All nodes     
stopped                                                                         


==================================== ERRORS ====================================
_______________________ ERROR at setup of test_endpoint ________________________
file /workspaces/qrdx-chain-denaro/tests/test_block_explorer_api.py, line 13
  async def test_endpoint(session, endpoint, params=None):
      """Test a single endpoint"""
      url = f"{BASE_URL}{endpoint}"
      try:
          async with session.get(url, params=params) as response:
              data = await response.json()
              status = "✅ OK" if data.get('ok') else "❌ FAIL"
              print(f"{status} {endpoint}")
              if not data.get('ok'):
                  print(f"   Error: {data.get('error')}")
              else:
                  result = data.get('result', {})
                  if isinstance(result, dict):
                      # Print summary of result
                      for key, value in result.items():
                          if isinstance(value, list):
                              print(f"   {key}: {len(value)} items")
                          elif key not in ['tokens', 'transactions', 'blocks', 'attestations', 'addresses']:
                              print(f"   {key}: {value}")
              return data
      except Exception as e:
          print(f"❌ ERROR {endpoint}: {e}")
          return None
E       fixture 'session' not found
>       available fixtures: _class_scoped_runner, _function_scoped_runner, _module_scoped_runner, _package_scoped_runner, _session_scoped_runner, anyio_backend, anyio_backend_name, anyio_backend_options, cache, capfd, capfdbinary, caplog, capsys, capsysbinary, capteesys, doctest_namespace, event_loop_policy, free_tcp_port, free_tcp_port_factory, free_udp_port, free_udp_port_factory, monkeypatch, pytestconfig, record_property, record_testsuite_property, record_xml_attribute, recwarn, subtests, tmp_path, tmp_path_factory, tmpdir, tmpdir_factory, unused_tcp_port, unused_tcp_port_factory, unused_udp_port, unused_udp_port_factory
>       use 'pytest --fixtures [testpath]' for help on them.

/workspaces/qrdx-chain-denaro/tests/test_block_explorer_api.py:13
=============================== warnings summary ===============================
../../home/vscode/.local/lib/python3.12/site-packages/oqs/__init__.py:1
  /home/vscode/.local/lib/python3.12/site-packages/oqs/__init__.py:1: UserWarning: liboqs version (major, minor) 0.15.0 differs from liboqs-python version 0.14.0
    from oqs.oqs import (

integration_tests/orchestrator.py:113
  /workspaces/qrdx-chain-denaro/integration_tests/orchestrator.py:113: PytestCollectionWarning: cannot collect test class 'TestnetOrchestrator' because it has a __init__ constructor (from: tests/test_testnet_integration.py)
    class TestnetOrchestrator:

tests/test_consensus_pos.py: 215 warnings
tests/test_security_adversarial.py: 30 warnings
  <string>:13: DeprecationWarning: datetime.datetime.utcnow() is deprecated and scheduled for removal in a future version. Use timezone-aware objects to represent datetimes in UTC: datetime.datetime.now(datetime.UTC).

tests/test_consensus_pos.py: 54 warnings
  <string>:12: DeprecationWarning: datetime.datetime.utcnow() is deprecated and scheduled for removal in a future version. Use timezone-aware objects to represent datetimes in UTC: datetime.datetime.now(datetime.UTC).

tests/test_consensus_pos.py::TestSlashingEvidence::test_serialization_roundtrip
tests/test_consensus_pos.py::TestSlashingExecutor::test_double_sign_detected
tests/test_consensus_pos.py::TestSlashingExecutor::test_surround_vote_detected
tests/test_consensus_pos.py::TestSlashingExecutor::test_downtime_detected
tests/test_consensus_pos.py::TestSlashingExecutor::test_submit_duplicate_evidence_rejected
tests/test_consensus_pos.py::TestSlashingExecutor::test_get_pending_evidence
tests/test_security_adversarial.py::TestNothingAtStake::test_double_sign_detected_and_slashed
tests/test_security_adversarial.py::TestEquivocationDetection::test_surround_vote_detected
tests/test_security_adversarial.py::TestDowntimeSlashing::test_downtime_detected
  <string>:8: DeprecationWarning: datetime.datetime.utcnow() is deprecated and scheduled for removal in a future version. Use timezone-aware objects to represent datetimes in UTC: datetime.datetime.now(datetime.UTC).

tests/test_consensus_pos.py::TestRewardsCalculator::test_epoch_reward_report
  <string>:5: DeprecationWarning: datetime.datetime.utcnow() is deprecated and scheduled for removal in a future version. Use timezone-aware objects to represent datetimes in UTC: datetime.datetime.now(datetime.UTC).

tests/test_consensus_pos.py: 28 warnings
tests/test_security_adversarial.py: 1 warning
  <string>:16: DeprecationWarning: datetime.datetime.utcnow() is deprecated and scheduled for removal in a future version. Use timezone-aware objects to represent datetimes in UTC: datetime.datetime.now(datetime.UTC).

tests/test_consensus_pos.py: 28 warnings
tests/test_security_adversarial.py: 1 warning
  <string>:17: DeprecationWarning: datetime.datetime.utcnow() is deprecated and scheduled for removal in a future version. Use timezone-aware objects to represent datetimes in UTC: datetime.datetime.now(datetime.UTC).

tests/test_consensus_pos.py::TestLifecycleManager::test_submit_deposit
tests/test_consensus_pos.py::TestLifecycleManager::test_deposit_duplicate_rejected
tests/test_consensus_pos.py::TestLifecycleManager::test_deposit_inclusion_and_activation
tests/test_consensus_pos.py::TestLifecycleManager::test_max_validators_limit
tests/test_consensus_pos.py::TestLifecycleManager::test_max_validators_limit
tests/test_consensus_pos.py::TestConsensusIntegration::test_lifecycle_to_selection
tests/test_consensus_pos.py::TestConsensusIntegration::test_lifecycle_to_selection
tests/test_consensus_pos.py::TestConsensusIntegration::test_lifecycle_to_selection
tests/test_consensus_pos.py::TestConsensusIntegration::test_lifecycle_to_selection
  /workspaces/qrdx-chain-denaro/qrdx/validator/lifecycle.py:697: DeprecationWarning: datetime.datetime.utcnow() is deprecated and scheduled for removal in a future version. Use timezone-aware objects to represent datetimes in UTC: datetime.datetime.now(datetime.UTC).
    submitted_at=datetime.utcnow(),

tests/test_consensus_pos.py::TestLifecycleManager::test_voluntary_exit
  /workspaces/qrdx-chain-denaro/qrdx/validator/lifecycle.py:778: DeprecationWarning: datetime.datetime.utcnow() is deprecated and scheduled for removal in a future version. Use timezone-aware objects to represent datetimes in UTC: datetime.datetime.now(datetime.UTC).
    submitted_at=datetime.utcnow(),

tests/test_consensus_pos.py::TestConsensusIntegration::test_rewards_with_real_constants
  tests/test_consensus_pos.py:2153: PytestWarning: The test <Function test_rewards_with_real_constants> is marked with '@pytest.mark.asyncio' but it is not an async function. Please remove the asyncio mark. If the test is not marked explicitly, check for global marks applied via 'pytestmark'.
    def test_rewards_with_real_constants(self):

tests/test_dht_integration.py::TestRPCEndpointAlwaysOn::test_rpc_route_exists
  /workspaces/qrdx-chain-denaro/qrdx/node/main.py:2176: DeprecationWarning: 
          on_event is deprecated, use lifespan event handlers instead.
  
          Read more about it in the
          [FastAPI docs for Lifespan Events](https://fastapi.tiangolo.com/advanced/events/).
          
    @app.on_event("startup")

tests/test_dht_integration.py::TestRPCEndpointAlwaysOn::test_rpc_route_exists
tests/test_dht_integration.py::TestRPCEndpointAlwaysOn::test_rpc_route_exists
  /home/vscode/.local/lib/python3.12/site-packages/fastapi/applications.py:4576: DeprecationWarning: 
          on_event is deprecated, use lifespan event handlers instead.
  
          Read more about it in the
          [FastAPI docs for Lifespan Events](https://fastapi.tiangolo.com/advanced/events/).
          
    return self.router.on_event(event_type)

tests/test_dht_integration.py::TestRPCEndpointAlwaysOn::test_rpc_route_exists
  /workspaces/qrdx-chain-denaro/qrdx/node/main.py:2640: DeprecationWarning: 
          on_event is deprecated, use lifespan event handlers instead.
  
          Read more about it in the
          [FastAPI docs for Lifespan Events](https://fastapi.tiangolo.com/advanced/events/).
          
    @app.on_event("shutdown")

tests/test_full_integration.py::test_component_1_executor
  /home/vscode/.local/lib/python3.12/site-packages/_pytest/python.py:170: PytestReturnNotNoneWarning: Test functions should return None, but tests/test_full_integration.py::test_component_1_executor returned <class 'bool'>.
  Did you mean to use `assert` instead of `return`?
  See https://docs.pytest.org/en/stable/how-to/assert.html#return-not-none for more information.
    warnings.warn(

tests/test_full_integration.py::test_component_3_transaction_handling
  /home/vscode/.local/lib/python3.12/site-packages/_pytest/python.py:170: PytestReturnNotNoneWarning: Test functions should return None, but tests/test_full_integration.py::test_component_3_transaction_handling returned <class 'bool'>.
  Did you mean to use `assert` instead of `return`?
  See https://docs.pytest.org/en/stable/how-to/assert.html#return-not-none for more information.
    warnings.warn(

tests/test_full_integration.py::test_component_4_state_management
  /home/vscode/.local/lib/python3.12/site-packages/_pytest/python.py:170: PytestReturnNotNoneWarning: Test functions should return None, but tests/test_full_integration.py::test_component_4_state_management returned <class 'bool'>.
  Did you mean to use `assert` instead of `return`?
  See https://docs.pytest.org/en/stable/how-to/assert.html#return-not-none for more information.
    warnings.warn(

tests/test_full_integration.py::test_component_5_rpc_api
  /home/vscode/.local/lib/python3.12/site-packages/_pytest/python.py:170: PytestReturnNotNoneWarning: Test functions should return None, but tests/test_full_integration.py::test_component_5_rpc_api returned <class 'bool'>.
  Did you mean to use `assert` instead of `return`?
  See https://docs.pytest.org/en/stable/how-to/assert.html#return-not-none for more information.
    warnings.warn(

tests/test_production_readiness.py::TestTLSContextBuilder::test_build_server_context_with_real_cert
tests/test_production_readiness.py::TestTLSContextBuilder::test_build_server_context_tls13
  /workspaces/qrdx-chain-denaro/qrdx/network/tls.py:118: DeprecationWarning: ssl.OP_NO_SSL*/ssl.OP_NO_TLS* options are deprecated
    ctx.options |= ssl.OP_NO_TLSv1

tests/test_production_readiness.py::TestTLSContextBuilder::test_build_server_context_with_real_cert
tests/test_production_readiness.py::TestTLSContextBuilder::test_build_server_context_tls13
  /workspaces/qrdx-chain-denaro/qrdx/network/tls.py:119: DeprecationWarning: ssl.OP_NO_SSL*/ssl.OP_NO_TLS* options are deprecated
    ctx.options |= ssl.OP_NO_TLSv1_1

tests/test_security_adversarial.py::TestLongRangeAttack::test_finalized_block_cannot_be_reverted
  /workspaces/qrdx-chain-denaro/tests/test_security_adversarial.py:372: RuntimeWarning: coroutine 'ForkChoiceStore.on_block' was never awaited
    store.on_block(node)
  Enable tracemalloc to get traceback where the object was allocated.
  See https://docs.pytest.org/en/stable/how-to/capture-warnings.html#resource-warnings for more info.

tests/test_security_adversarial.py::TestLongRangeAttack::test_finalized_block_cannot_be_reverted
  /workspaces/qrdx-chain-denaro/tests/test_security_adversarial.py:391: RuntimeWarning: coroutine 'ForkChoiceStore.on_block' was never awaited
    store.on_block(attacker_block)
  Enable tracemalloc to get traceback where the object was allocated.
  See https://docs.pytest.org/en/stable/how-to/capture-warnings.html#resource-warnings for more info.

tests/test_system_wallets.py::test_pq_controller_wallet
  /home/vscode/.local/lib/python3.12/site-packages/_pytest/python.py:170: PytestReturnNotNoneWarning: Test functions should return None, but tests/test_system_wallets.py::test_pq_controller_wallet returned <class 'tuple'>.
  Did you mean to use `assert` instead of `return`?
  See https://docs.pytest.org/en/stable/how-to/assert.html#return-not-none for more information.
    warnings.warn(

tests/test_system_wallets.py::test_system_wallet_manager
  /home/vscode/.local/lib/python3.12/site-packages/_pytest/python.py:170: PytestReturnNotNoneWarning: Test functions should return None, but tests/test_system_wallets.py::test_system_wallet_manager returned <class 'qrdx.crypto.system_wallets.SystemWalletManager'>.
  Did you mean to use `assert` instead of `return`?
  See https://docs.pytest.org/en/stable/how-to/assert.html#return-not-none for more information.
    warnings.warn(

tests/test_system_wallets.py::test_genesis_creation
  /home/vscode/.local/lib/python3.12/site-packages/_pytest/python.py:170: PytestReturnNotNoneWarning: Test functions should return None, but tests/test_system_wallets.py::test_genesis_creation returned <class 'tuple'>.
  Did you mean to use `assert` instead of `return`?
  See https://docs.pytest.org/en/stable/how-to/assert.html#return-not-none for more information.
    warnings.warn(

-- Docs: https://docs.pytest.org/en/stable/how-to/capture-warnings.html
=========================== short test summary info ============================
ERROR tests/test_block_explorer_api.py::test_endpoint
!!!!!!!!!!!!!!!!!!!!!!!!!!!!!! KeyboardInterrupt !!!!!!!!!!!!!!!!!!!!!!!!!!!!!!!
<frozen posixpath>:471: KeyboardInterrupt
(to show a full traceback on KeyboardInterrupt use --full-trace)
===== 1463 passed, 1 deselected, 397 warnings, 1 error in 83.20s (0:01:23) =====
